[0.390s] Invoking command in '/home/khushi/ros2_ws/src/lab2_pkg': PYTHONPATH=/home/khushi/ros2_ws/build/lab2_pkg/prefix_override:/usr/lib/python3/dist-packages/colcon_core/task/python/colcon_distutils_commands:/home/khushi/ros2_ws/install/lab2_pkg/lib/python3.10/site-packages:${PYTHONPATH} /usr/bin/python3 -W ignore:setup.py install is deprecated setup.py egg_info --egg-base ../../build/lab2_pkg build --build-base /home/khushi/ros2_ws/build/lab2_pkg/build install --record /home/khushi/ros2_ws/build/lab2_pkg/install.log --single-version-externally-managed
[0.494s] running egg_info
[0.495s] writing ../../build/lab2_pkg/lab2_pkg.egg-info/PKG-INFO
[0.495s] writing dependency_links to ../../build/lab2_pkg/lab2_pkg.egg-info/dependency_links.txt
[0.495s] writing entry points to ../../build/lab2_pkg/lab2_pkg.egg-info/entry_points.txt
[0.495s] writing requirements to ../../build/lab2_pkg/lab2_pkg.egg-info/requires.txt
[0.495s] writing top-level names to ../../build/lab2_pkg/lab2_pkg.egg-info/top_level.txt
[0.495s] reading manifest file '../../build/lab2_pkg/lab2_pkg.egg-info/SOURCES.txt'
[0.496s] writing manifest file '../../build/lab2_pkg/lab2_pkg.egg-info/SOURCES.txt'
[0.496s] running build
[0.496s] running build_py
[0.496s] running install
[0.496s] running install_lib
[0.497s] running install_egg_info
[0.498s] removing '/home/khushi/ros2_ws/install/lab2_pkg/lib/python3.10/site-packages/lab2_pkg-0.0.1-py3.10.egg-info' (and everything under it)
[0.498s] Copying ../../build/lab2_pkg/lab2_pkg.egg-info to /home/khushi/ros2_ws/install/lab2_pkg/lib/python3.10/site-packages/lab2_pkg-0.0.1-py3.10.egg-info
[0.498s] running install_scripts
[0.508s] Installing safety_node script to /home/khushi/ros2_ws/install/lab2_pkg/lib/lab2_pkg
[0.508s] writing list of installed files to '/home/khushi/ros2_ws/build/lab2_pkg/install.log'
[0.521s] Invoked command in '/home/khushi/ros2_ws/src/lab2_pkg' returned '0': PYTHONPATH=/home/khushi/ros2_ws/build/lab2_pkg/prefix_override:/usr/lib/python3/dist-packages/colcon_core/task/python/colcon_distutils_commands:/home/khushi/ros2_ws/install/lab2_pkg/lib/python3.10/site-packages:${PYTHONPATH} /usr/bin/python3 -W ignore:setup.py install is deprecated setup.py egg_info --egg-base ../../build/lab2_pkg build --build-base /home/khushi/ros2_ws/build/lab2_pkg/build install --record /home/khushi/ros2_ws/build/lab2_pkg/install.log --single-version-externally-managed
