[0.342s] Invoking command in '/home/khushi/sim_ws/src/f1tenth_gym_ros': PYTHONPATH=/home/khushi/sim_ws/build/f1tenth_gym_ros/prefix_override:/usr/lib/python3/dist-packages/colcon_core/task/python/colcon_distutils_commands:/home/khushi/sim_ws/install/f1tenth_gym_ros/lib/python3.10/site-packages:${PYTHONPATH} /usr/bin/python3 -W ignore:setup.py install is deprecated setup.py egg_info --egg-base ../../build/f1tenth_gym_ros build --build-base /home/khushi/sim_ws/build/f1tenth_gym_ros/build install --record /home/khushi/sim_ws/build/f1tenth_gym_ros/install.log --single-version-externally-managed install_data
[0.442s] running egg_info
[0.442s] creating ../../build/f1tenth_gym_ros/f1tenth_gym_ros.egg-info
[0.442s] writing ../../build/f1tenth_gym_ros/f1tenth_gym_ros.egg-info/PKG-INFO
[0.442s] writing dependency_links to ../../build/f1tenth_gym_ros/f1tenth_gym_ros.egg-info/dependency_links.txt
[0.442s] writing entry points to ../../build/f1tenth_gym_ros/f1tenth_gym_ros.egg-info/entry_points.txt
[0.442s] writing requirements to ../../build/f1tenth_gym_ros/f1tenth_gym_ros.egg-info/requires.txt
[0.443s] writing top-level names to ../../build/f1tenth_gym_ros/f1tenth_gym_ros.egg-info/top_level.txt
[0.443s] writing manifest file '../../build/f1tenth_gym_ros/f1tenth_gym_ros.egg-info/SOURCES.txt'
[0.443s] reading manifest file '../../build/f1tenth_gym_ros/f1tenth_gym_ros.egg-info/SOURCES.txt'
[0.443s] adding license file 'LICENSE'
[0.444s] writing manifest file '../../build/f1tenth_gym_ros/f1tenth_gym_ros.egg-info/SOURCES.txt'
[0.444s] running build
[0.444s] running build_py
[0.444s] creating /home/khushi/sim_ws/build/f1tenth_gym_ros/build
[0.444s] creating /home/khushi/sim_ws/build/f1tenth_gym_ros/build/lib
[0.444s] creating /home/khushi/sim_ws/build/f1tenth_gym_ros/build/lib/f1tenth_gym_ros
[0.444s] copying f1tenth_gym_ros/gym_bridge.py -> /home/khushi/sim_ws/build/f1tenth_gym_ros/build/lib/f1tenth_gym_ros
[0.444s] copying f1tenth_gym_ros/__init__.py -> /home/khushi/sim_ws/build/f1tenth_gym_ros/build/lib/f1tenth_gym_ros
[0.444s] running install
[0.444s] running install_lib
[0.445s] creating /home/khushi/sim_ws/install/f1tenth_gym_ros/lib/python3.10/site-packages/f1tenth_gym_ros
[0.445s] copying /home/khushi/sim_ws/build/f1tenth_gym_ros/build/lib/f1tenth_gym_ros/gym_bridge.py -> /home/khushi/sim_ws/install/f1tenth_gym_ros/lib/python3.10/site-packages/f1tenth_gym_ros
[0.445s] copying /home/khushi/sim_ws/build/f1tenth_gym_ros/build/lib/f1tenth_gym_ros/__init__.py -> /home/khushi/sim_ws/install/f1tenth_gym_ros/lib/python3.10/site-packages/f1tenth_gym_ros
[0.445s] byte-compiling /home/khushi/sim_ws/install/f1tenth_gym_ros/lib/python3.10/site-packages/f1tenth_gym_ros/gym_bridge.py to gym_bridge.cpython-310.pyc
[0.446s] byte-compiling /home/khushi/sim_ws/install/f1tenth_gym_ros/lib/python3.10/site-packages/f1tenth_gym_ros/__init__.py to __init__.cpython-310.pyc
[0.447s] running install_data
[0.447s] creating /home/khushi/sim_ws/install/f1tenth_gym_ros/share/ament_index
[0.447s] creating /home/khushi/sim_ws/install/f1tenth_gym_ros/share/ament_index/resource_index
[0.447s] creating /home/khushi/sim_ws/install/f1tenth_gym_ros/share/ament_index/resource_index/packages
[0.447s] copying resource/f1tenth_gym_ros -> /home/khushi/sim_ws/install/f1tenth_gym_ros/share/ament_index/resource_index/packages
[0.447s] copying package.xml -> /home/khushi/sim_ws/install/f1tenth_gym_ros/share/f1tenth_gym_ros
[0.447s] creating /home/khushi/sim_ws/install/f1tenth_gym_ros/share/f1tenth_gym_ros/launch
[0.447s] copying launch/gym_bridge_launch.py -> /home/khushi/sim_ws/install/f1tenth_gym_ros/share/f1tenth_gym_ros/launch
[0.447s] copying launch/opp_racecar.xacro -> /home/khushi/sim_ws/install/f1tenth_gym_ros/share/f1tenth_gym_ros/launch
[0.447s] copying launch/ego_racecar.xacro -> /home/khushi/sim_ws/install/f1tenth_gym_ros/share/f1tenth_gym_ros/launch
[0.447s] copying launch/gym_bridge.rviz -> /home/khushi/sim_ws/install/f1tenth_gym_ros/share/f1tenth_gym_ros/launch
[0.447s] creating /home/khushi/sim_ws/install/f1tenth_gym_ros/share/f1tenth_gym_ros/config
[0.447s] copying config/sim.yaml -> /home/khushi/sim_ws/install/f1tenth_gym_ros/share/f1tenth_gym_ros/config
[0.447s] running install_egg_info
[0.448s] Copying ../../build/f1tenth_gym_ros/f1tenth_gym_ros.egg-info to /home/khushi/sim_ws/install/f1tenth_gym_ros/lib/python3.10/site-packages/f1tenth_gym_ros-0.0.0-py3.10.egg-info
[0.449s] running install_scripts
[0.457s] Installing gym_bridge script to /home/khushi/sim_ws/install/f1tenth_gym_ros/lib/f1tenth_gym_ros
[0.457s] writing list of installed files to '/home/khushi/sim_ws/build/f1tenth_gym_ros/install.log'
[0.468s] Invoked command in '/home/khushi/sim_ws/src/f1tenth_gym_ros' returned '0': PYTHONPATH=/home/khushi/sim_ws/build/f1tenth_gym_ros/prefix_override:/usr/lib/python3/dist-packages/colcon_core/task/python/colcon_distutils_commands:/home/khushi/sim_ws/install/f1tenth_gym_ros/lib/python3.10/site-packages:${PYTHONPATH} /usr/bin/python3 -W ignore:setup.py install is deprecated setup.py egg_info --egg-base ../../build/f1tenth_gym_ros build --build-base /home/khushi/sim_ws/build/f1tenth_gym_ros/build install --record /home/khushi/sim_ws/build/f1tenth_gym_ros/install.log --single-version-externally-managed install_data
