[0.274s] Invoking command in '/home/khushi/ros2_ws/src/lab1_pkg': PYTHONPATH=/home/khushi/ros2_ws/build/lab1_pkg/prefix_override:/usr/lib/python3/dist-packages/colcon_core/task/python/colcon_distutils_commands:/home/khushi/ros2_ws/install/lab1_pkg/lib/python3.10/site-packages:${PYTHONPATH} /usr/bin/python3 -W ignore:setup.py install is deprecated setup.py egg_info --egg-base ../../build/lab1_pkg build --build-base /home/khushi/ros2_ws/build/lab1_pkg/build install --record /home/khushi/ros2_ws/build/lab1_pkg/install.log --single-version-externally-managed install_data
[0.373s] running egg_info
[0.373s] writing ../../build/lab1_pkg/lab1_pkg.egg-info/PKG-INFO
[0.374s] writing dependency_links to ../../build/lab1_pkg/lab1_pkg.egg-info/dependency_links.txt
[0.374s] writing entry points to ../../build/lab1_pkg/lab1_pkg.egg-info/entry_points.txt
[0.374s] writing requirements to ../../build/lab1_pkg/lab1_pkg.egg-info/requires.txt
[0.374s] writing top-level names to ../../build/lab1_pkg/lab1_pkg.egg-info/top_level.txt
[0.375s] reading manifest file '../../build/lab1_pkg/lab1_pkg.egg-info/SOURCES.txt'
[0.375s] writing manifest file '../../build/lab1_pkg/lab1_pkg.egg-info/SOURCES.txt'
[0.375s] running build
[0.375s] running build_py
[0.376s] copying lab1_pkg/talker.py -> /home/khushi/ros2_ws/build/lab1_pkg/build/lib/lab1_pkg
[0.376s] running install
[0.376s] running install_lib
[0.376s] copying /home/khushi/ros2_ws/build/lab1_pkg/build/lib/lab1_pkg/talker.py -> /home/khushi/ros2_ws/install/lab1_pkg/lib/python3.10/site-packages/lab1_pkg
[0.376s] byte-compiling /home/khushi/ros2_ws/install/lab1_pkg/lib/python3.10/site-packages/lab1_pkg/talker.py to talker.cpython-310.pyc
[0.377s] running install_data
[0.377s] running install_egg_info
[0.378s] removing '/home/khushi/ros2_ws/install/lab1_pkg/lib/python3.10/site-packages/lab1_pkg-0.0.0-py3.10.egg-info' (and everything under it)
[0.378s] Copying ../../build/lab1_pkg/lab1_pkg.egg-info to /home/khushi/ros2_ws/install/lab1_pkg/lib/python3.10/site-packages/lab1_pkg-0.0.0-py3.10.egg-info
[0.379s] running install_scripts
[0.388s] Installing relay script to /home/khushi/ros2_ws/install/lab1_pkg/bin
[0.388s] Installing talker script to /home/khushi/ros2_ws/install/lab1_pkg/bin
[0.389s] writing list of installed files to '/home/khushi/ros2_ws/build/lab1_pkg/install.log'
[0.401s] Invoked command in '/home/khushi/ros2_ws/src/lab1_pkg' returned '0': PYTHONPATH=/home/khushi/ros2_ws/build/lab1_pkg/prefix_override:/usr/lib/python3/dist-packages/colcon_core/task/python/colcon_distutils_commands:/home/khushi/ros2_ws/install/lab1_pkg/lib/python3.10/site-packages:${PYTHONPATH} /usr/bin/python3 -W ignore:setup.py install is deprecated setup.py egg_info --egg-base ../../build/lab1_pkg build --build-base /home/khushi/ros2_ws/build/lab1_pkg/build install --record /home/khushi/ros2_ws/build/lab1_pkg/install.log --single-version-externally-managed install_data
