[0.006s] Invoking command in '/home/utkarsh/lab1_ws/build/lab1_pkg': CMAKE_PREFIX_PATH=/opt/ros/humble /usr/bin/cmake /home/utkarsh/lab1_ws/src/lab1_pkg -DCMAKE_INSTALL_PREFIX=/home/utkarsh/lab1_ws/install/lab1_pkg
[0.153s] -- The C compiler identification is GNU 11.4.0
[0.187s] -- The CXX compiler identification is GNU 11.4.0
[0.191s] -- Detecting C compiler ABI info
[0.249s] -- Detecting C compiler ABI info - done
[0.254s] -- Check for working C compiler: /usr/bin/cc - skipped
[0.254s] -- Detecting C compile features
[0.254s] -- Detecting C compile features - done
[0.256s] -- Detecting CXX compiler ABI info
[0.310s] -- Detecting CXX compiler ABI info - done
[0.317s] -- Check for working CXX compiler: /usr/bin/c++ - skipped
[0.317s] -- Detecting CXX compile features
[0.317s] -- Detecting CXX compile features - done
[0.319s] -- Found ament_cmake: 1.3.10 (/opt/ros/humble/share/ament_cmake/cmake)
[0.421s] -- Found Python3: /usr/bin/python3 (found version "3.10.12") found components: Interpreter 
[0.470s] -- Found rclcpp: 16.0.10 (/opt/ros/humble/share/rclcpp/cmake)
[0.490s] -- Found rosidl_generator_c: 3.1.5 (/opt/ros/humble/share/rosidl_generator_c/cmake)
[0.493s] -- Found rosidl_adapter: 3.1.5 (/opt/ros/humble/share/rosidl_adapter/cmake)
[0.497s] -- Found rosidl_generator_cpp: 3.1.5 (/opt/ros/humble/share/rosidl_generator_cpp/cmake)
[0.503s] -- Using all available rosidl_typesupport_c: rosidl_typesupport_fastrtps_c;rosidl_typesupport_introspection_c
[0.511s] -- Using all available rosidl_typesupport_cpp: rosidl_typesupport_fastrtps_cpp;rosidl_typesupport_introspection_cpp
[0.533s] -- Found rmw_implementation_cmake: 6.1.2 (/opt/ros/humble/share/rmw_implementation_cmake/cmake)
[0.534s] -- Found rmw_fastrtps_cpp: 6.2.7 (/opt/ros/humble/share/rmw_fastrtps_cpp/cmake)
[0.592s] -- Found OpenSSL: /usr/lib/x86_64-linux-gnu/libcrypto.so (found version "3.0.2")  
[0.609s] -- Found FastRTPS: /opt/ros/humble/include  
[0.634s] -- Using RMW implementation 'rmw_fastrtps_cpp' as default
[0.639s] -- Looking for pthread.h
[0.690s] -- Looking for pthread.h - found
[0.691s] -- Performing Test CMAKE_HAVE_LIBC_PTHREAD
[0.752s] -- Performing Test CMAKE_HAVE_LIBC_PTHREAD - Success
[0.753s] -- Found Threads: TRUE  
[0.780s] -- Found ackermann_msgs: 2.0.2 (/opt/ros/humble/share/ackermann_msgs/cmake)
[0.787s] -- Found ament_lint_auto: 0.12.11 (/opt/ros/humble/share/ament_lint_auto/cmake)
[0.834s] -- Added test 'flake8' to check Python code syntax and style conventions
[0.834s] -- Added test 'lint_cmake' to check CMake code style
[0.834s] -- Added test 'pep257' to check Python code against some of the docstring style conventions in PEP 257
[0.834s] -- Added test 'xmllint' to check XML markup files
[0.835s] -- Configuring done
[0.837s] -- Generating done
[0.838s] -- Build files have been written to: /home/utkarsh/lab1_ws/build/lab1_pkg
[0.843s] Invoked command in '/home/utkarsh/lab1_ws/build/lab1_pkg' returned '0': CMAKE_PREFIX_PATH=/opt/ros/humble /usr/bin/cmake /home/utkarsh/lab1_ws/src/lab1_pkg -DCMAKE_INSTALL_PREFIX=/home/utkarsh/lab1_ws/install/lab1_pkg
[0.844s] Invoking command in '/home/utkarsh/lab1_ws/build/lab1_pkg': CMAKE_PREFIX_PATH=/opt/ros/humble /usr/bin/cmake --build /home/utkarsh/lab1_ws/build/lab1_pkg -- -j12 -l12
[0.872s] Invoked command in '/home/utkarsh/lab1_ws/build/lab1_pkg' returned '0': CMAKE_PREFIX_PATH=/opt/ros/humble /usr/bin/cmake --build /home/utkarsh/lab1_ws/build/lab1_pkg -- -j12 -l12
[0.910s] Invoking command in '/home/utkarsh/lab1_ws/build/lab1_pkg': CMAKE_PREFIX_PATH=/opt/ros/humble /usr/bin/cmake --install /home/utkarsh/lab1_ws/build/lab1_pkg
[0.914s] -- Install configuration: ""
[0.914s] -- Installing: /home/utkarsh/lab1_ws/install/lab1_pkg/share/ament_index/resource_index/package_run_dependencies/lab1_pkg
[0.914s] -- Installing: /home/utkarsh/lab1_ws/install/lab1_pkg/share/ament_index/resource_index/parent_prefix_path/lab1_pkg
[0.915s] -- Installing: /home/utkarsh/lab1_ws/install/lab1_pkg/share/lab1_pkg/environment/ament_prefix_path.sh
[0.915s] -- Installing: /home/utkarsh/lab1_ws/install/lab1_pkg/share/lab1_pkg/environment/ament_prefix_path.dsv
[0.915s] -- Installing: /home/utkarsh/lab1_ws/install/lab1_pkg/share/lab1_pkg/environment/path.sh
[0.915s] -- Installing: /home/utkarsh/lab1_ws/install/lab1_pkg/share/lab1_pkg/environment/path.dsv
[0.915s] -- Installing: /home/utkarsh/lab1_ws/install/lab1_pkg/share/lab1_pkg/local_setup.bash
[0.915s] -- Installing: /home/utkarsh/lab1_ws/install/lab1_pkg/share/lab1_pkg/local_setup.sh
[0.915s] -- Installing: /home/utkarsh/lab1_ws/install/lab1_pkg/share/lab1_pkg/local_setup.zsh
[0.915s] -- Installing: /home/utkarsh/lab1_ws/install/lab1_pkg/share/lab1_pkg/local_setup.dsv
[0.915s] -- Installing: /home/utkarsh/lab1_ws/install/lab1_pkg/share/lab1_pkg/package.dsv
[0.915s] -- Installing: /home/utkarsh/lab1_ws/install/lab1_pkg/share/ament_index/resource_index/packages/lab1_pkg
[0.915s] -- Installing: /home/utkarsh/lab1_ws/install/lab1_pkg/share/lab1_pkg/cmake/lab1_pkgConfig.cmake
[0.915s] -- Installing: /home/utkarsh/lab1_ws/install/lab1_pkg/share/lab1_pkg/cmake/lab1_pkgConfig-version.cmake
[0.915s] -- Installing: /home/utkarsh/lab1_ws/install/lab1_pkg/share/lab1_pkg/package.xml
[0.916s] Invoked command in '/home/utkarsh/lab1_ws/build/lab1_pkg' returned '0': CMAKE_PREFIX_PATH=/opt/ros/humble /usr/bin/cmake --install /home/utkarsh/lab1_ws/build/lab1_pkg
