[0.514s] Invoking command in '/home/ubuntu22/sim_ws/src/safety_node': PYTHONPATH=/home/ubuntu22/sim_ws/build/safety_node/prefix_override:/usr/lib/python3/dist-packages/colcon_core/task/python/colcon_distutils_commands:/home/ubuntu22/sim_ws/install/safety_node/lib/python3.10/site-packages:${PYTHONPATH} /usr/bin/python3 -W ignore:setup.py install is deprecated setup.py egg_info --egg-base ../../build/safety_node build --build-base /home/ubuntu22/sim_ws/build/safety_node/build install --record /home/ubuntu22/sim_ws/build/safety_node/install.log --single-version-externally-managed install_data
[0.656s] running egg_info
[0.656s] writing ../../build/safety_node/safety_node.egg-info/PKG-INFO
[0.656s] writing dependency_links to ../../build/safety_node/safety_node.egg-info/dependency_links.txt
[0.656s] writing entry points to ../../build/safety_node/safety_node.egg-info/entry_points.txt
[0.656s] writing requirements to ../../build/safety_node/safety_node.egg-info/requires.txt
[0.656s] writing top-level names to ../../build/safety_node/safety_node.egg-info/top_level.txt
[0.657s] reading manifest file '../../build/safety_node/safety_node.egg-info/SOURCES.txt'
[0.657s] writing manifest file '../../build/safety_node/safety_node.egg-info/SOURCES.txt'
[0.657s] running build
[0.657s] running build_py
[0.658s] running install
[0.658s] running install_lib
[0.658s] running install_data
[0.658s] running install_egg_info
[0.660s] removing '/home/ubuntu22/sim_ws/install/safety_node/lib/python3.10/site-packages/safety_node-0.0.1-py3.10.egg-info' (and everything under it)
[0.660s] Copying ../../build/safety_node/safety_node.egg-info to /home/ubuntu22/sim_ws/install/safety_node/lib/python3.10/site-packages/safety_node-0.0.1-py3.10.egg-info
[0.661s] running install_scripts
[0.674s] Installing aeb_node script to /home/ubuntu22/sim_ws/install/safety_node/lib/safety_node
[0.674s] writing list of installed files to '/home/ubuntu22/sim_ws/build/safety_node/install.log'
[0.693s] Invoked command in '/home/ubuntu22/sim_ws/src/safety_node' returned '0': PYTHONPATH=/home/ubuntu22/sim_ws/build/safety_node/prefix_override:/usr/lib/python3/dist-packages/colcon_core/task/python/colcon_distutils_commands:/home/ubuntu22/sim_ws/install/safety_node/lib/python3.10/site-packages:${PYTHONPATH} /usr/bin/python3 -W ignore:setup.py install is deprecated setup.py egg_info --egg-base ../../build/safety_node build --build-base /home/ubuntu22/sim_ws/build/safety_node/build install --record /home/ubuntu22/sim_ws/build/safety_node/install.log --single-version-externally-managed install_data
