[0.409s] Invoking command in '/home/ubuntu22/sim_ws/src/f1tenth_gym_ros': PYTHONPATH=/home/ubuntu22/sim_ws/build/f1tenth_gym_ros/prefix_override:/usr/lib/python3/dist-packages/colcon_core/task/python/colcon_distutils_commands:/home/ubuntu22/sim_ws/install/f1tenth_gym_ros/lib/python3.10/site-packages:${PYTHONPATH} /usr/bin/python3 -W ignore:setup.py install is deprecated setup.py egg_info --egg-base ../../build/f1tenth_gym_ros build --build-base /home/ubuntu22/sim_ws/build/f1tenth_gym_ros/build install --record /home/ubuntu22/sim_ws/build/f1tenth_gym_ros/install.log --single-version-externally-managed install_data
[0.552s] running egg_info
[0.553s] writing ../../build/f1tenth_gym_ros/f1tenth_gym_ros.egg-info/PKG-INFO
[0.553s] writing dependency_links to ../../build/f1tenth_gym_ros/f1tenth_gym_ros.egg-info/dependency_links.txt
[0.553s] writing entry points to ../../build/f1tenth_gym_ros/f1tenth_gym_ros.egg-info/entry_points.txt
[0.553s] writing requirements to ../../build/f1tenth_gym_ros/f1tenth_gym_ros.egg-info/requires.txt
[0.553s] writing top-level names to ../../build/f1tenth_gym_ros/f1tenth_gym_ros.egg-info/top_level.txt
[0.554s] reading manifest file '../../build/f1tenth_gym_ros/f1tenth_gym_ros.egg-info/SOURCES.txt'
[0.561s] adding license file 'LICENSE'
[0.561s] writing manifest file '../../build/f1tenth_gym_ros/f1tenth_gym_ros.egg-info/SOURCES.txt'
[0.561s] running build
[0.561s] running build_py
[0.561s] running install
[0.561s] running install_lib
[0.562s] running install_data
[0.562s] running install_egg_info
[0.563s] removing '/home/ubuntu22/sim_ws/install/f1tenth_gym_ros/lib/python3.10/site-packages/f1tenth_gym_ros-0.0.0-py3.10.egg-info' (and everything under it)
[0.563s] Copying ../../build/f1tenth_gym_ros/f1tenth_gym_ros.egg-info to /home/ubuntu22/sim_ws/install/f1tenth_gym_ros/lib/python3.10/site-packages/f1tenth_gym_ros-0.0.0-py3.10.egg-info
[0.564s] running install_scripts
[0.577s] Installing gym_bridge script to /home/ubuntu22/sim_ws/install/f1tenth_gym_ros/lib/f1tenth_gym_ros
[0.577s] writing list of installed files to '/home/ubuntu22/sim_ws/build/f1tenth_gym_ros/install.log'
[0.592s] Invoked command in '/home/ubuntu22/sim_ws/src/f1tenth_gym_ros' returned '0': PYTHONPATH=/home/ubuntu22/sim_ws/build/f1tenth_gym_ros/prefix_override:/usr/lib/python3/dist-packages/colcon_core/task/python/colcon_distutils_commands:/home/ubuntu22/sim_ws/install/f1tenth_gym_ros/lib/python3.10/site-packages:${PYTHONPATH} /usr/bin/python3 -W ignore:setup.py install is deprecated setup.py egg_info --egg-base ../../build/f1tenth_gym_ros build --build-base /home/ubuntu22/sim_ws/build/f1tenth_gym_ros/build install --record /home/ubuntu22/sim_ws/build/f1tenth_gym_ros/install.log --single-version-externally-managed install_data
