[0.428s] Invoking command in '/home/khushi/ros2_ws/src/lab2_pkg': PYTHONPATH=/home/khushi/ros2_ws/build/lab2_pkg/prefix_override:/usr/lib/python3/dist-packages/colcon_core/task/python/colcon_distutils_commands:/home/khushi/ros2_ws/install/lab2_pkg/lib/python3.10/site-packages:${PYTHONPATH} /usr/bin/python3 -W ignore:setup.py install is deprecated setup.py egg_info --egg-base ../../build/lab2_pkg build --build-base /home/khushi/ros2_ws/build/lab2_pkg/build install --record /home/khushi/ros2_ws/build/lab2_pkg/install.log --single-version-externally-managed
[0.543s] running egg_info
[0.543s] writing ../../build/lab2_pkg/lab2_pkg.egg-info/PKG-INFO
[0.544s] writing dependency_links to ../../build/lab2_pkg/lab2_pkg.egg-info/dependency_links.txt
[0.544s] writing entry points to ../../build/lab2_pkg/lab2_pkg.egg-info/entry_points.txt
[0.544s] writing requirements to ../../build/lab2_pkg/lab2_pkg.egg-info/requires.txt
[0.544s] writing top-level names to ../../build/lab2_pkg/lab2_pkg.egg-info/top_level.txt
[0.545s] file safetyNode.py (for module safetyNode) not found
[0.545s] package init file 'lab2_pkg/__init__.py' not found (or not a regular file)
[0.545s] reading manifest file '../../build/lab2_pkg/lab2_pkg.egg-info/SOURCES.txt'
[0.546s] writing manifest file '../../build/lab2_pkg/lab2_pkg.egg-info/SOURCES.txt'
[0.546s] running build
[0.546s] running build_py
[0.546s] file safetyNode.py (for module safetyNode) not found
[0.546s] copying lab2_pkg/safetyNode.py -> /home/khushi/ros2_ws/build/lab2_pkg/build/lib/lab2_pkg
[0.546s] file safetyNode.py (for module safetyNode) not found
[0.546s] running install
[0.546s] running install_lib
[0.547s] copying /home/khushi/ros2_ws/build/lab2_pkg/build/lib/lab2_pkg/safetyNode.py -> /home/khushi/ros2_ws/install/lab2_pkg/lib/python3.10/site-packages/lab2_pkg
[0.547s] byte-compiling /home/khushi/ros2_ws/install/lab2_pkg/lib/python3.10/site-packages/lab2_pkg/safetyNode.py to safetyNode.cpython-310.pyc
[0.547s] running install_egg_info
[0.548s] Copying ../../build/lab2_pkg/lab2_pkg.egg-info to /home/khushi/ros2_ws/install/lab2_pkg/lib/python3.10/site-packages/lab2_pkg-0.0.1-py3.10.egg-info
[0.549s] running install_scripts
[0.558s] Installing safetyNode script to /home/khushi/ros2_ws/install/lab2_pkg/lib/lab2_pkg
[0.559s] file safetyNode.py (for module safetyNode) not found
[0.559s] writing list of installed files to '/home/khushi/ros2_ws/build/lab2_pkg/install.log'
[0.573s] Invoked command in '/home/khushi/ros2_ws/src/lab2_pkg' returned '0': PYTHONPATH=/home/khushi/ros2_ws/build/lab2_pkg/prefix_override:/usr/lib/python3/dist-packages/colcon_core/task/python/colcon_distutils_commands:/home/khushi/ros2_ws/install/lab2_pkg/lib/python3.10/site-packages:${PYTHONPATH} /usr/bin/python3 -W ignore:setup.py install is deprecated setup.py egg_info --egg-base ../../build/lab2_pkg build --build-base /home/khushi/ros2_ws/build/lab2_pkg/build install --record /home/khushi/ros2_ws/build/lab2_pkg/install.log --single-version-externally-managed
