[0.066s] DEBUG:colcon:Command line arguments: ['/usr/bin/colcon', 'build']
[0.066s] DEBUG:colcon:Parsed command line arguments: Namespace(log_base=None, log_level=None, verb_name='build', build_base='build', install_base='install', merge_install=False, symlink_install=False, test_result_base=None, continue_on_error=False, executor='parallel', parallel_workers=24, event_handlers=None, ignore_user_meta=False, metas=['./colcon.meta'], base_paths=['.'], packages_ignore=None, packages_ignore_regex=None, paths=None, packages_up_to=None, packages_up_to_regex=None, packages_above=None, packages_above_and_dependencies=None, packages_above_depth=None, packages_select_by_dep=None, packages_skip_by_dep=None, packages_skip_up_to=None, packages_select_build_failed=False, packages_skip_build_finished=False, packages_select_test_failures=False, packages_skip_test_passed=False, packages_select=None, packages_skip=None, packages_select_regex=None, packages_skip_regex=None, packages_start=None, packages_end=None, allow_overriding=[], cmake_args=None, cmake_target=None, cmake_target_skip_unavailable=False, cmake_clean_cache=False, cmake_clean_first=False, cmake_force_configure=False, ament_cmake_args=None, catkin_cmake_args=None, catkin_skip_building_tests=False, mixin_files=None, mixin=None, verb_parser=<colcon_mixin.mixin.mixin_argument.MixinArgumentDecorator object at 0x74437b5e27a0>, verb_extension=<colcon_core.verb.build.BuildVerb object at 0x74437b5e21d0>, main=<bound method BuildVerb.main of <colcon_core.verb.build.BuildVerb object at 0x74437b5e21d0>>, mixin_verb=('build',))
[0.159s] Level 1:colcon.colcon_core.package_discovery:discover_packages(colcon_meta) check parameters
[0.159s] Level 1:colcon.colcon_core.package_discovery:discover_packages(recursive) check parameters
[0.159s] Level 1:colcon.colcon_core.package_discovery:discover_packages(ignore) check parameters
[0.159s] Level 1:colcon.colcon_core.package_discovery:discover_packages(path) check parameters
[0.159s] Level 1:colcon.colcon_core.package_discovery:discover_packages(colcon_meta) discover
[0.159s] Level 1:colcon.colcon_core.package_discovery:discover_packages(recursive) discover
[0.159s] INFO:colcon.colcon_core.package_discovery:Crawling recursively for packages in '/home/ubuntu22/sim_ws'
[0.159s] Level 1:colcon.colcon_core.package_identification:_identify(.) by extensions ['ignore', 'ignore_ament_install']
[0.159s] Level 1:colcon.colcon_core.package_identification:_identify(.) by extension 'ignore'
[0.159s] Level 1:colcon.colcon_core.package_identification:_identify(.) by extension 'ignore_ament_install'
[0.159s] Level 1:colcon.colcon_core.package_identification:_identify(.) by extensions ['colcon_pkg']
[0.159s] Level 1:colcon.colcon_core.package_identification:_identify(.) by extension 'colcon_pkg'
[0.159s] Level 1:colcon.colcon_core.package_identification:_identify(.) by extensions ['colcon_meta']
[0.159s] Level 1:colcon.colcon_core.package_identification:_identify(.) by extension 'colcon_meta'
[0.159s] Level 1:colcon.colcon_core.package_identification:_identify(.) by extensions ['ros']
[0.159s] Level 1:colcon.colcon_core.package_identification:_identify(.) by extension 'ros'
[0.166s] Level 1:colcon.colcon_core.package_identification:_identify(.) by extensions ['cmake', 'python']
[0.167s] Level 1:colcon.colcon_core.package_identification:_identify(.) by extension 'cmake'
[0.167s] Level 1:colcon.colcon_core.package_identification:_identify(.) by extension 'python'
[0.167s] Level 1:colcon.colcon_core.package_identification:_identify(.) by extensions ['python_setup_py']
[0.167s] Level 1:colcon.colcon_core.package_identification:_identify(.) by extension 'python_setup_py'
[0.167s] Level 1:colcon.colcon_core.package_identification:_identify(build) by extensions ['ignore', 'ignore_ament_install']
[0.167s] Level 1:colcon.colcon_core.package_identification:_identify(build) by extension 'ignore'
[0.167s] Level 1:colcon.colcon_core.package_identification:_identify(build) ignored
[0.167s] Level 1:colcon.colcon_core.package_identification:_identify(install) by extensions ['ignore', 'ignore_ament_install']
[0.167s] Level 1:colcon.colcon_core.package_identification:_identify(install) by extension 'ignore'
[0.167s] Level 1:colcon.colcon_core.package_identification:_identify(install) ignored
[0.167s] Level 1:colcon.colcon_core.package_identification:_identify(log) by extensions ['ignore', 'ignore_ament_install']
[0.167s] Level 1:colcon.colcon_core.package_identification:_identify(log) by extension 'ignore'
[0.167s] Level 1:colcon.colcon_core.package_identification:_identify(log) ignored
[0.167s] Level 1:colcon.colcon_core.package_identification:_identify(src) by extensions ['ignore', 'ignore_ament_install']
[0.167s] Level 1:colcon.colcon_core.package_identification:_identify(src) by extension 'ignore'
[0.167s] Level 1:colcon.colcon_core.package_identification:_identify(src) by extension 'ignore_ament_install'
[0.167s] Level 1:colcon.colcon_core.package_identification:_identify(src) by extensions ['colcon_pkg']
[0.167s] Level 1:colcon.colcon_core.package_identification:_identify(src) by extension 'colcon_pkg'
[0.167s] Level 1:colcon.colcon_core.package_identification:_identify(src) by extensions ['colcon_meta']
[0.167s] Level 1:colcon.colcon_core.package_identification:_identify(src) by extension 'colcon_meta'
[0.167s] Level 1:colcon.colcon_core.package_identification:_identify(src) by extensions ['ros']
[0.167s] Level 1:colcon.colcon_core.package_identification:_identify(src) by extension 'ros'
[0.167s] Level 1:colcon.colcon_core.package_identification:_identify(src) by extensions ['cmake', 'python']
[0.167s] Level 1:colcon.colcon_core.package_identification:_identify(src) by extension 'cmake'
[0.167s] Level 1:colcon.colcon_core.package_identification:_identify(src) by extension 'python'
[0.167s] Level 1:colcon.colcon_core.package_identification:_identify(src) by extensions ['python_setup_py']
[0.167s] Level 1:colcon.colcon_core.package_identification:_identify(src) by extension 'python_setup_py'
[0.167s] Level 1:colcon.colcon_core.package_identification:_identify(src/f1tenth_gym_ros) by extensions ['ignore', 'ignore_ament_install']
[0.167s] Level 1:colcon.colcon_core.package_identification:_identify(src/f1tenth_gym_ros) by extension 'ignore'
[0.167s] Level 1:colcon.colcon_core.package_identification:_identify(src/f1tenth_gym_ros) by extension 'ignore_ament_install'
[0.168s] Level 1:colcon.colcon_core.package_identification:_identify(src/f1tenth_gym_ros) by extensions ['colcon_pkg']
[0.168s] Level 1:colcon.colcon_core.package_identification:_identify(src/f1tenth_gym_ros) by extension 'colcon_pkg'
[0.168s] Level 1:colcon.colcon_core.package_identification:_identify(src/f1tenth_gym_ros) by extensions ['colcon_meta']
[0.168s] Level 1:colcon.colcon_core.package_identification:_identify(src/f1tenth_gym_ros) by extension 'colcon_meta'
[0.168s] Level 1:colcon.colcon_core.package_identification:_identify(src/f1tenth_gym_ros) by extensions ['ros']
[0.168s] Level 1:colcon.colcon_core.package_identification:_identify(src/f1tenth_gym_ros) by extension 'ros'
[0.169s] DEBUG:colcon.colcon_core.package_identification:Package 'src/f1tenth_gym_ros' with type 'ros.ament_python' and name 'f1tenth_gym_ros'
[0.169s] Level 1:colcon.colcon_core.package_identification:_identify(src/safety_node) by extensions ['ignore', 'ignore_ament_install']
[0.169s] Level 1:colcon.colcon_core.package_identification:_identify(src/safety_node) by extension 'ignore'
[0.169s] Level 1:colcon.colcon_core.package_identification:_identify(src/safety_node) by extension 'ignore_ament_install'
[0.169s] Level 1:colcon.colcon_core.package_identification:_identify(src/safety_node) by extensions ['colcon_pkg']
[0.169s] Level 1:colcon.colcon_core.package_identification:_identify(src/safety_node) by extension 'colcon_pkg'
[0.169s] Level 1:colcon.colcon_core.package_identification:_identify(src/safety_node) by extensions ['colcon_meta']
[0.169s] Level 1:colcon.colcon_core.package_identification:_identify(src/safety_node) by extension 'colcon_meta'
[0.170s] Level 1:colcon.colcon_core.package_identification:_identify(src/safety_node) by extensions ['ros']
[0.170s] Level 1:colcon.colcon_core.package_identification:_identify(src/safety_node) by extension 'ros'
[0.170s] DEBUG:colcon.colcon_core.package_identification:Package 'src/safety_node' with type 'ros.ament_python' and name 'safety_node'
[0.170s] Level 1:colcon.colcon_core.package_discovery:discover_packages(recursive) using defaults
[0.170s] Level 1:colcon.colcon_core.package_discovery:discover_packages(ignore) discover
[0.170s] Level 1:colcon.colcon_core.package_discovery:discover_packages(ignore) using defaults
[0.170s] Level 1:colcon.colcon_core.package_discovery:discover_packages(path) discover
[0.170s] Level 1:colcon.colcon_core.package_discovery:discover_packages(path) using defaults
[0.182s] Level 1:colcon.colcon_core.package_discovery:discover_packages(prefix_path) check parameters
[0.183s] Level 1:colcon.colcon_core.package_discovery:discover_packages(prefix_path) discover
[0.183s] DEBUG:colcon.colcon_installed_package_information.package_discovery:Found 1 installed packages in /home/ubuntu22/sim_ws/install
[0.184s] DEBUG:colcon.colcon_installed_package_information.package_discovery:Found 1 installed packages in /home/ubuntu22/ros2_ws/install
[0.184s] DEBUG:colcon.colcon_installed_package_information.package_discovery:Found 282 installed packages in /opt/ros/humble
[0.191s] Level 1:colcon.colcon_core.package_discovery:discover_packages(prefix_path) using defaults
[0.212s] Level 5:colcon.colcon_core.verb:set package 'f1tenth_gym_ros' build argument 'cmake_args' from command line to 'None'
[0.212s] Level 5:colcon.colcon_core.verb:set package 'f1tenth_gym_ros' build argument 'cmake_target' from command line to 'None'
[0.212s] Level 5:colcon.colcon_core.verb:set package 'f1tenth_gym_ros' build argument 'cmake_target_skip_unavailable' from command line to 'False'
[0.212s] Level 5:colcon.colcon_core.verb:set package 'f1tenth_gym_ros' build argument 'cmake_clean_cache' from command line to 'False'
[0.212s] Level 5:colcon.colcon_core.verb:set package 'f1tenth_gym_ros' build argument 'cmake_clean_first' from command line to 'False'
[0.212s] Level 5:colcon.colcon_core.verb:set package 'f1tenth_gym_ros' build argument 'cmake_force_configure' from command line to 'False'
[0.212s] Level 5:colcon.colcon_core.verb:set package 'f1tenth_gym_ros' build argument 'ament_cmake_args' from command line to 'None'
[0.212s] Level 5:colcon.colcon_core.verb:set package 'f1tenth_gym_ros' build argument 'catkin_cmake_args' from command line to 'None'
[0.212s] Level 5:colcon.colcon_core.verb:set package 'f1tenth_gym_ros' build argument 'catkin_skip_building_tests' from command line to 'False'
[0.212s] DEBUG:colcon.colcon_core.verb:Building package 'f1tenth_gym_ros' with the following arguments: {'ament_cmake_args': None, 'build_base': '/home/ubuntu22/sim_ws/build/f1tenth_gym_ros', 'catkin_cmake_args': None, 'catkin_skip_building_tests': False, 'cmake_args': None, 'cmake_clean_cache': False, 'cmake_clean_first': False, 'cmake_force_configure': False, 'cmake_target': None, 'cmake_target_skip_unavailable': False, 'install_base': '/home/ubuntu22/sim_ws/install/f1tenth_gym_ros', 'merge_install': False, 'path': '/home/ubuntu22/sim_ws/src/f1tenth_gym_ros', 'symlink_install': False, 'test_result_base': None}
[0.212s] Level 5:colcon.colcon_core.verb:set package 'safety_node' build argument 'cmake_args' from command line to 'None'
[0.212s] Level 5:colcon.colcon_core.verb:set package 'safety_node' build argument 'cmake_target' from command line to 'None'
[0.212s] Level 5:colcon.colcon_core.verb:set package 'safety_node' build argument 'cmake_target_skip_unavailable' from command line to 'False'
[0.212s] Level 5:colcon.colcon_core.verb:set package 'safety_node' build argument 'cmake_clean_cache' from command line to 'False'
[0.212s] Level 5:colcon.colcon_core.verb:set package 'safety_node' build argument 'cmake_clean_first' from command line to 'False'
[0.212s] Level 5:colcon.colcon_core.verb:set package 'safety_node' build argument 'cmake_force_configure' from command line to 'False'
[0.212s] Level 5:colcon.colcon_core.verb:set package 'safety_node' build argument 'ament_cmake_args' from command line to 'None'
[0.212s] Level 5:colcon.colcon_core.verb:set package 'safety_node' build argument 'catkin_cmake_args' from command line to 'None'
[0.212s] Level 5:colcon.colcon_core.verb:set package 'safety_node' build argument 'catkin_skip_building_tests' from command line to 'False'
[0.212s] DEBUG:colcon.colcon_core.verb:Building package 'safety_node' with the following arguments: {'ament_cmake_args': None, 'build_base': '/home/ubuntu22/sim_ws/build/safety_node', 'catkin_cmake_args': None, 'catkin_skip_building_tests': False, 'cmake_args': None, 'cmake_clean_cache': False, 'cmake_clean_first': False, 'cmake_force_configure': False, 'cmake_target': None, 'cmake_target_skip_unavailable': False, 'install_base': '/home/ubuntu22/sim_ws/install/safety_node', 'merge_install': False, 'path': '/home/ubuntu22/sim_ws/src/safety_node', 'symlink_install': False, 'test_result_base': None}
[0.212s] INFO:colcon.colcon_core.executor:Executing jobs using 'parallel' executor
[0.213s] DEBUG:colcon.colcon_parallel_executor.executor.parallel:run_until_complete
[0.213s] INFO:colcon.colcon_ros.task.ament_python.build:Building ROS package in '/home/ubuntu22/sim_ws/src/f1tenth_gym_ros' with build type 'ament_python'
[0.213s] Level 1:colcon.colcon_core.shell:create_environment_hook('f1tenth_gym_ros', 'ament_prefix_path')
[0.214s] INFO:colcon.colcon_core.plugin_system:Skipping extension 'colcon_core.shell.bat': Not used on non-Windows systems
[0.214s] INFO:colcon.colcon_core.shell:Creating environment hook '/home/ubuntu22/sim_ws/install/f1tenth_gym_ros/share/f1tenth_gym_ros/hook/ament_prefix_path.ps1'
[0.215s] INFO:colcon.colcon_core.shell:Creating environment descriptor '/home/ubuntu22/sim_ws/install/f1tenth_gym_ros/share/f1tenth_gym_ros/hook/ament_prefix_path.dsv'
[0.215s] INFO:colcon.colcon_core.shell:Creating environment hook '/home/ubuntu22/sim_ws/install/f1tenth_gym_ros/share/f1tenth_gym_ros/hook/ament_prefix_path.sh'
[0.215s] INFO:colcon.colcon_core.shell:Skip shell extension 'powershell' for command environment: Not usable outside of PowerShell
[0.215s] DEBUG:colcon.colcon_core.shell:Skip shell extension 'dsv' for command environment
[0.217s] INFO:colcon.colcon_ros.task.ament_python.build:Building ROS package in '/home/ubuntu22/sim_ws/src/safety_node' with build type 'ament_python'
[0.218s] Level 1:colcon.colcon_core.shell:create_environment_hook('safety_node', 'ament_prefix_path')
[0.218s] INFO:colcon.colcon_core.shell:Creating environment hook '/home/ubuntu22/sim_ws/install/safety_node/share/safety_node/hook/ament_prefix_path.ps1'
[0.218s] INFO:colcon.colcon_core.shell:Creating environment descriptor '/home/ubuntu22/sim_ws/install/safety_node/share/safety_node/hook/ament_prefix_path.dsv'
[0.218s] INFO:colcon.colcon_core.shell:Creating environment hook '/home/ubuntu22/sim_ws/install/safety_node/share/safety_node/hook/ament_prefix_path.sh'
[0.218s] INFO:colcon.colcon_core.shell:Skip shell extension 'powershell' for command environment: Not usable outside of PowerShell
[0.218s] DEBUG:colcon.colcon_core.shell:Skip shell extension 'dsv' for command environment
[0.367s] INFO:colcon.colcon_core.task.python.build:Building Python package in '/home/ubuntu22/sim_ws/src/f1tenth_gym_ros'
[0.367s] INFO:colcon.colcon_core.shell:Skip shell extension 'powershell' for command environment: Not usable outside of PowerShell
[0.367s] DEBUG:colcon.colcon_core.shell:Skip shell extension 'dsv' for command environment
[0.521s] INFO:colcon.colcon_core.task.python.build:Building Python package in '/home/ubuntu22/sim_ws/src/safety_node'
[0.521s] INFO:colcon.colcon_core.shell:Skip shell extension 'powershell' for command environment: Not usable outside of PowerShell
[0.521s] DEBUG:colcon.colcon_core.shell:Skip shell extension 'dsv' for command environment
[0.728s] DEBUG:colcon.colcon_core.event_handler.log_command:Invoking command in '/home/ubuntu22/sim_ws/src/f1tenth_gym_ros': PYTHONPATH=/home/ubuntu22/sim_ws/build/f1tenth_gym_ros/prefix_override:/usr/lib/python3/dist-packages/colcon_core/task/python/colcon_distutils_commands:/home/ubuntu22/sim_ws/install/f1tenth_gym_ros/lib/python3.10/site-packages:${PYTHONPATH} /usr/bin/python3 -W ignore:setup.py install is deprecated setup.py egg_info --egg-base ../../build/f1tenth_gym_ros build --build-base /home/ubuntu22/sim_ws/build/f1tenth_gym_ros/build install --record /home/ubuntu22/sim_ws/build/f1tenth_gym_ros/install.log --single-version-externally-managed install_data
[0.729s] DEBUG:colcon.colcon_core.event_handler.log_command:Invoking command in '/home/ubuntu22/sim_ws/src/safety_node': PYTHONPATH=/home/ubuntu22/sim_ws/build/safety_node/prefix_override:/usr/lib/python3/dist-packages/colcon_core/task/python/colcon_distutils_commands:/home/ubuntu22/sim_ws/install/safety_node/lib/python3.10/site-packages:${PYTHONPATH} /usr/bin/python3 -W ignore:setup.py install is deprecated setup.py egg_info --egg-base ../../build/safety_node build --build-base /home/ubuntu22/sim_ws/build/safety_node/build install --record /home/ubuntu22/sim_ws/build/safety_node/install.log --single-version-externally-managed install_data
[0.897s] DEBUG:colcon.colcon_core.event_handler.log_command:Invoked command in '/home/ubuntu22/sim_ws/src/f1tenth_gym_ros' returned '0': PYTHONPATH=/home/ubuntu22/sim_ws/build/f1tenth_gym_ros/prefix_override:/usr/lib/python3/dist-packages/colcon_core/task/python/colcon_distutils_commands:/home/ubuntu22/sim_ws/install/f1tenth_gym_ros/lib/python3.10/site-packages:${PYTHONPATH} /usr/bin/python3 -W ignore:setup.py install is deprecated setup.py egg_info --egg-base ../../build/f1tenth_gym_ros build --build-base /home/ubuntu22/sim_ws/build/f1tenth_gym_ros/build install --record /home/ubuntu22/sim_ws/build/f1tenth_gym_ros/install.log --single-version-externally-managed install_data
[0.898s] Level 1:colcon.colcon_core.environment:checking '/home/ubuntu22/sim_ws/install/f1tenth_gym_ros' for CMake module files
[0.899s] Level 1:colcon.colcon_core.environment:checking '/home/ubuntu22/sim_ws/install/f1tenth_gym_ros' for CMake config files
[0.899s] Level 1:colcon.colcon_core.environment:checking '/home/ubuntu22/sim_ws/install/f1tenth_gym_ros/lib'
[0.899s] Level 1:colcon.colcon_core.environment:checking '/home/ubuntu22/sim_ws/install/f1tenth_gym_ros/bin'
[0.899s] Level 1:colcon.colcon_core.environment:checking '/home/ubuntu22/sim_ws/install/f1tenth_gym_ros/lib/pkgconfig/f1tenth_gym_ros.pc'
[0.899s] Level 1:colcon.colcon_core.environment:checking '/home/ubuntu22/sim_ws/install/f1tenth_gym_ros/lib/python3.10/site-packages'
[0.899s] Level 1:colcon.colcon_core.shell:create_environment_hook('f1tenth_gym_ros', 'pythonpath')
[0.899s] INFO:colcon.colcon_core.shell:Creating environment hook '/home/ubuntu22/sim_ws/install/f1tenth_gym_ros/share/f1tenth_gym_ros/hook/pythonpath.ps1'
[0.900s] INFO:colcon.colcon_core.shell:Creating environment descriptor '/home/ubuntu22/sim_ws/install/f1tenth_gym_ros/share/f1tenth_gym_ros/hook/pythonpath.dsv'
[0.900s] INFO:colcon.colcon_core.shell:Creating environment hook '/home/ubuntu22/sim_ws/install/f1tenth_gym_ros/share/f1tenth_gym_ros/hook/pythonpath.sh'
[0.900s] Level 1:colcon.colcon_core.environment:checking '/home/ubuntu22/sim_ws/install/f1tenth_gym_ros/bin'
[0.900s] Level 1:colcon.colcon_core.environment:create_environment_scripts_only(f1tenth_gym_ros)
[0.900s] INFO:colcon.colcon_core.shell:Creating package script '/home/ubuntu22/sim_ws/install/f1tenth_gym_ros/share/f1tenth_gym_ros/package.ps1'
[0.901s] INFO:colcon.colcon_core.shell:Creating package descriptor '/home/ubuntu22/sim_ws/install/f1tenth_gym_ros/share/f1tenth_gym_ros/package.dsv'
[0.901s] INFO:colcon.colcon_core.shell:Creating package script '/home/ubuntu22/sim_ws/install/f1tenth_gym_ros/share/f1tenth_gym_ros/package.sh'
[0.901s] INFO:colcon.colcon_core.shell:Creating package script '/home/ubuntu22/sim_ws/install/f1tenth_gym_ros/share/f1tenth_gym_ros/package.bash'
[0.902s] INFO:colcon.colcon_core.shell:Creating package script '/home/ubuntu22/sim_ws/install/f1tenth_gym_ros/share/f1tenth_gym_ros/package.zsh'
[0.902s] Level 1:colcon.colcon_core.environment:create_file_with_runtime_dependencies(/home/ubuntu22/sim_ws/install/f1tenth_gym_ros/share/colcon-core/packages/f1tenth_gym_ros)
[0.903s] Level 1:colcon.colcon_core.environment:checking '/home/ubuntu22/sim_ws/install/safety_node' for CMake module files
[0.904s] DEBUG:colcon.colcon_core.event_handler.log_command:Invoked command in '/home/ubuntu22/sim_ws/src/safety_node' returned '0': PYTHONPATH=/home/ubuntu22/sim_ws/build/safety_node/prefix_override:/usr/lib/python3/dist-packages/colcon_core/task/python/colcon_distutils_commands:/home/ubuntu22/sim_ws/install/safety_node/lib/python3.10/site-packages:${PYTHONPATH} /usr/bin/python3 -W ignore:setup.py install is deprecated setup.py egg_info --egg-base ../../build/safety_node build --build-base /home/ubuntu22/sim_ws/build/safety_node/build install --record /home/ubuntu22/sim_ws/build/safety_node/install.log --single-version-externally-managed install_data
[0.904s] Level 1:colcon.colcon_core.environment:checking '/home/ubuntu22/sim_ws/install/safety_node' for CMake config files
[0.904s] Level 1:colcon.colcon_core.environment:checking '/home/ubuntu22/sim_ws/install/safety_node/lib'
[0.904s] Level 1:colcon.colcon_core.environment:checking '/home/ubuntu22/sim_ws/install/safety_node/bin'
[0.904s] Level 1:colcon.colcon_core.environment:checking '/home/ubuntu22/sim_ws/install/safety_node/lib/pkgconfig/safety_node.pc'
[0.904s] Level 1:colcon.colcon_core.environment:checking '/home/ubuntu22/sim_ws/install/safety_node/lib/python3.10/site-packages'
[0.904s] Level 1:colcon.colcon_core.shell:create_environment_hook('safety_node', 'pythonpath')
[0.904s] INFO:colcon.colcon_core.shell:Creating environment hook '/home/ubuntu22/sim_ws/install/safety_node/share/safety_node/hook/pythonpath.ps1'
[0.905s] INFO:colcon.colcon_core.shell:Creating environment descriptor '/home/ubuntu22/sim_ws/install/safety_node/share/safety_node/hook/pythonpath.dsv'
[0.905s] INFO:colcon.colcon_core.shell:Creating environment hook '/home/ubuntu22/sim_ws/install/safety_node/share/safety_node/hook/pythonpath.sh'
[0.905s] Level 1:colcon.colcon_core.environment:checking '/home/ubuntu22/sim_ws/install/safety_node/bin'
[0.905s] Level 1:colcon.colcon_core.environment:create_environment_scripts_only(safety_node)
[0.905s] INFO:colcon.colcon_core.shell:Creating package script '/home/ubuntu22/sim_ws/install/safety_node/share/safety_node/package.ps1'
[0.905s] INFO:colcon.colcon_core.shell:Creating package descriptor '/home/ubuntu22/sim_ws/install/safety_node/share/safety_node/package.dsv'
[0.906s] INFO:colcon.colcon_core.shell:Creating package script '/home/ubuntu22/sim_ws/install/safety_node/share/safety_node/package.sh'
[0.906s] INFO:colcon.colcon_core.shell:Creating package script '/home/ubuntu22/sim_ws/install/safety_node/share/safety_node/package.bash'
[0.906s] INFO:colcon.colcon_core.shell:Creating package script '/home/ubuntu22/sim_ws/install/safety_node/share/safety_node/package.zsh'
[0.906s] Level 1:colcon.colcon_core.environment:create_file_with_runtime_dependencies(/home/ubuntu22/sim_ws/install/safety_node/share/colcon-core/packages/safety_node)
[0.906s] DEBUG:colcon.colcon_parallel_executor.executor.parallel:closing loop
[0.906s] DEBUG:colcon.colcon_parallel_executor.executor.parallel:loop closed
[0.906s] DEBUG:colcon.colcon_parallel_executor.executor.parallel:run_until_complete finished with '0'
[0.906s] DEBUG:colcon.colcon_core.event_reactor:joining thread
[0.910s] INFO:colcon.colcon_core.plugin_system:Skipping extension 'colcon_notification.desktop_notification.terminal_notifier': Not used on non-Darwin systems
[0.910s] INFO:colcon.colcon_core.plugin_system:Skipping extension 'colcon_notification.desktop_notification.win32': Not used on non-Windows systems
[0.910s] INFO:colcon.colcon_notification.desktop_notification:Sending desktop notification using 'notify2'
[0.918s] DEBUG:colcon.colcon_core.event_reactor:joined thread
[0.919s] INFO:colcon.colcon_core.shell:Creating prefix script '/home/ubuntu22/sim_ws/install/local_setup.ps1'
[0.919s] INFO:colcon.colcon_core.shell:Creating prefix util module '/home/ubuntu22/sim_ws/install/_local_setup_util_ps1.py'
[0.920s] INFO:colcon.colcon_core.shell:Creating prefix chain script '/home/ubuntu22/sim_ws/install/setup.ps1'
[0.920s] INFO:colcon.colcon_core.shell:Creating prefix script '/home/ubuntu22/sim_ws/install/local_setup.sh'
[0.921s] INFO:colcon.colcon_core.shell:Creating prefix util module '/home/ubuntu22/sim_ws/install/_local_setup_util_sh.py'
[0.921s] INFO:colcon.colcon_core.shell:Creating prefix chain script '/home/ubuntu22/sim_ws/install/setup.sh'
[0.921s] INFO:colcon.colcon_core.shell:Creating prefix script '/home/ubuntu22/sim_ws/install/local_setup.bash'
[0.922s] INFO:colcon.colcon_core.shell:Creating prefix chain script '/home/ubuntu22/sim_ws/install/setup.bash'
[0.922s] INFO:colcon.colcon_core.shell:Creating prefix script '/home/ubuntu22/sim_ws/install/local_setup.zsh'
[0.922s] INFO:colcon.colcon_core.shell:Creating prefix chain script '/home/ubuntu22/sim_ws/install/setup.zsh'
