[0.008s] Invoking command in '/home/ubuntu22/lab1_ws/build/lab1_pkg': CMAKE_PREFIX_PATH=${CMAKE_PREFIX_PATH}:/home/ubuntu22/sim_ws/install/f1tenth_gym_ros:/opt/ros/humble /usr/bin/cmake --build /home/ubuntu22/lab1_ws/build/lab1_pkg -- -j24 -l24
[0.025s] -- Found ament_cmake: 1.3.10 (/opt/ros/humble/share/ament_cmake/cmake)
[0.112s] -- Found ackermann_msgs: 2.0.2 (/opt/ros/humble/share/ackermann_msgs/cmake)
[0.127s] -- Found rosidl_generator_c: 3.1.5 (/opt/ros/humble/share/rosidl_generator_c/cmake)
[0.129s] -- Found rosidl_adapter: 3.1.5 (/opt/ros/humble/share/rosidl_adapter/cmake)
[0.132s] -- Found rosidl_generator_cpp: 3.1.5 (/opt/ros/humble/share/rosidl_generator_cpp/cmake)
[0.138s] -- Using all available rosidl_typesupport_c: rosidl_typesupport_fastrtps_c;rosidl_typesupport_introspection_c
[0.146s] -- Using all available rosidl_typesupport_cpp: rosidl_typesupport_fastrtps_cpp;rosidl_typesupport_introspection_cpp
[0.168s] -- Found rclcpp: 16.0.10 (/opt/ros/humble/share/rclcpp/cmake)
[0.184s] -- Found rmw_implementation_cmake: 6.1.2 (/opt/ros/humble/share/rmw_implementation_cmake/cmake)
[0.185s] -- Found rmw_fastrtps_cpp: 6.2.7 (/opt/ros/humble/share/rmw_fastrtps_cpp/cmake)
[0.261s] -- Using RMW implementation 'rmw_fastrtps_cpp' as default
[0.330s] -- Configuring done
[0.337s] -- Generating done
[0.338s] -- Build files have been written to: /home/ubuntu22/lab1_ws/build/lab1_pkg
[0.360s] [35m[1mConsolidate compiler generated dependencies of target talker[0m
[0.361s] [35m[1mConsolidate compiler generated dependencies of target relay[0m
[0.373s] [ 75%] Built target talker
[0.373s] [100%] Built target relay
[0.381s] Invoked command in '/home/ubuntu22/lab1_ws/build/lab1_pkg' returned '0': CMAKE_PREFIX_PATH=${CMAKE_PREFIX_PATH}:/home/ubuntu22/sim_ws/install/f1tenth_gym_ros:/opt/ros/humble /usr/bin/cmake --build /home/ubuntu22/lab1_ws/build/lab1_pkg -- -j24 -l24
[0.407s] Invoking command in '/home/ubuntu22/lab1_ws/build/lab1_pkg': CMAKE_PREFIX_PATH=${CMAKE_PREFIX_PATH}:/home/ubuntu22/sim_ws/install/f1tenth_gym_ros:/opt/ros/humble /usr/bin/cmake --install /home/ubuntu22/lab1_ws/build/lab1_pkg
[0.412s] -- Install configuration: ""
[0.412s] -- Up-to-date: /home/ubuntu22/lab1_ws/install/lab1_pkg/lib/lab1_pkg/talker
[0.412s] -- Up-to-date: /home/ubuntu22/lab1_ws/install/lab1_pkg/lib/lab1_pkg/relay
[0.412s] -- Up-to-date: /home/ubuntu22/lab1_ws/install/lab1_pkg/share/lab1_pkg/
[0.412s] -- Installing: /home/ubuntu22/lab1_ws/install/lab1_pkg/share/lab1_pkg//lab1_launch.py
[0.413s] -- Up-to-date: /home/ubuntu22/lab1_ws/install/lab1_pkg/share/ament_index/resource_index/package_run_dependencies/lab1_pkg
[0.413s] -- Up-to-date: /home/ubuntu22/lab1_ws/install/lab1_pkg/share/ament_index/resource_index/parent_prefix_path/lab1_pkg
[0.413s] -- Up-to-date: /home/ubuntu22/lab1_ws/install/lab1_pkg/share/lab1_pkg/environment/ament_prefix_path.sh
[0.413s] -- Installing: /home/ubuntu22/lab1_ws/install/lab1_pkg/share/lab1_pkg/environment/ament_prefix_path.dsv
[0.413s] -- Up-to-date: /home/ubuntu22/lab1_ws/install/lab1_pkg/share/lab1_pkg/environment/path.sh
[0.413s] -- Installing: /home/ubuntu22/lab1_ws/install/lab1_pkg/share/lab1_pkg/environment/path.dsv
[0.413s] -- Up-to-date: /home/ubuntu22/lab1_ws/install/lab1_pkg/share/lab1_pkg/local_setup.bash
[0.413s] -- Up-to-date: /home/ubuntu22/lab1_ws/install/lab1_pkg/share/lab1_pkg/local_setup.sh
[0.413s] -- Up-to-date: /home/ubuntu22/lab1_ws/install/lab1_pkg/share/lab1_pkg/local_setup.zsh
[0.413s] -- Installing: /home/ubuntu22/lab1_ws/install/lab1_pkg/share/lab1_pkg/local_setup.dsv
[0.413s] -- Installing: /home/ubuntu22/lab1_ws/install/lab1_pkg/share/lab1_pkg/package.dsv
[0.413s] -- Up-to-date: /home/ubuntu22/lab1_ws/install/lab1_pkg/share/ament_index/resource_index/packages/lab1_pkg
[0.413s] -- Up-to-date: /home/ubuntu22/lab1_ws/install/lab1_pkg/share/lab1_pkg/cmake/lab1_pkgConfig.cmake
[0.413s] -- Up-to-date: /home/ubuntu22/lab1_ws/install/lab1_pkg/share/lab1_pkg/cmake/lab1_pkgConfig-version.cmake
[0.413s] -- Up-to-date: /home/ubuntu22/lab1_ws/install/lab1_pkg/share/lab1_pkg/package.xml
[0.414s] Invoked command in '/home/ubuntu22/lab1_ws/build/lab1_pkg' returned '0': CMAKE_PREFIX_PATH=${CMAKE_PREFIX_PATH}:/home/ubuntu22/sim_ws/install/f1tenth_gym_ros:/opt/ros/humble /usr/bin/cmake --install /home/ubuntu22/lab1_ws/build/lab1_pkg
