[0.511s] Invoking command in '/home/ubuntu22/sim_ws/src/safety_node': PYTHONPATH=/home/ubuntu22/sim_ws/build/safety_node/prefix_override:/usr/lib/python3/dist-packages/colcon_core/task/python/colcon_distutils_commands:/home/ubuntu22/sim_ws/install/safety_node/lib/python3.10/site-packages:${PYTHONPATH} /usr/bin/python3 -W ignore:setup.py install is deprecated setup.py egg_info --egg-base ../../build/safety_node build --build-base /home/ubuntu22/sim_ws/build/safety_node/build install --record /home/ubuntu22/sim_ws/build/safety_node/install.log --single-version-externally-managed install_data
[0.648s] running egg_info
[0.648s] writing ../../build/safety_node/safety_node.egg-info/PKG-INFO
[0.648s] writing dependency_links to ../../build/safety_node/safety_node.egg-info/dependency_links.txt
[0.649s] writing entry points to ../../build/safety_node/safety_node.egg-info/entry_points.txt
[0.649s] writing requirements to ../../build/safety_node/safety_node.egg-info/requires.txt
[0.649s] writing top-level names to ../../build/safety_node/safety_node.egg-info/top_level.txt
[0.650s] reading manifest file '../../build/safety_node/safety_node.egg-info/SOURCES.txt'
[0.650s] writing manifest file '../../build/safety_node/safety_node.egg-info/SOURCES.txt'
[0.650s] running build
[0.650s] running build_py
[0.650s] copying safety_node/aeb_node.py -> /home/ubuntu22/sim_ws/build/safety_node/build/lib/safety_node
[0.650s] running install
[0.650s] running install_lib
[0.651s] copying /home/ubuntu22/sim_ws/build/safety_node/build/lib/safety_node/aeb_node.py -> /home/ubuntu22/sim_ws/install/safety_node/lib/python3.10/site-packages/safety_node
[0.651s] byte-compiling /home/ubuntu22/sim_ws/install/safety_node/lib/python3.10/site-packages/safety_node/aeb_node.py to aeb_node.cpython-310.pyc
[0.651s] running install_data
[0.651s] running install_egg_info
[0.652s] removing '/home/ubuntu22/sim_ws/install/safety_node/lib/python3.10/site-packages/safety_node-0.0.1-py3.10.egg-info' (and everything under it)
[0.653s] Copying ../../build/safety_node/safety_node.egg-info to /home/ubuntu22/sim_ws/install/safety_node/lib/python3.10/site-packages/safety_node-0.0.1-py3.10.egg-info
[0.653s] running install_scripts
[0.666s] Installing aeb_node script to /home/ubuntu22/sim_ws/install/safety_node/lib/safety_node
[0.666s] writing list of installed files to '/home/ubuntu22/sim_ws/build/safety_node/install.log'
[0.682s] Invoked command in '/home/ubuntu22/sim_ws/src/safety_node' returned '0': PYTHONPATH=/home/ubuntu22/sim_ws/build/safety_node/prefix_override:/usr/lib/python3/dist-packages/colcon_core/task/python/colcon_distutils_commands:/home/ubuntu22/sim_ws/install/safety_node/lib/python3.10/site-packages:${PYTHONPATH} /usr/bin/python3 -W ignore:setup.py install is deprecated setup.py egg_info --egg-base ../../build/safety_node build --build-base /home/ubuntu22/sim_ws/build/safety_node/build install --record /home/ubuntu22/sim_ws/build/safety_node/install.log --single-version-externally-managed install_data
