[0.422s] Invoking command in '/home/khushi/ros2_ws/src/lab2_pkg': PYTHONPATH=/home/khushi/ros2_ws/build/lab2_pkg/prefix_override:/usr/lib/python3/dist-packages/colcon_core/task/python/colcon_distutils_commands:/home/khushi/ros2_ws/install/lab2_pkg/lib/python3.10/site-packages:${PYTHONPATH} /usr/bin/python3 -W ignore:setup.py install is deprecated setup.py egg_info --egg-base ../../build/lab2_pkg build --build-base /home/khushi/ros2_ws/build/lab2_pkg/build install --record /home/khushi/ros2_ws/build/lab2_pkg/install.log --single-version-externally-managed install_data
[0.535s] running egg_info
[0.535s] writing ../../build/lab2_pkg/lab2_pkg.egg-info/PKG-INFO
[0.535s] writing dependency_links to ../../build/lab2_pkg/lab2_pkg.egg-info/dependency_links.txt
[0.535s] writing entry points to ../../build/lab2_pkg/lab2_pkg.egg-info/entry_points.txt
[0.535s] writing requirements to ../../build/lab2_pkg/lab2_pkg.egg-info/requires.txt
[0.535s] writing top-level names to ../../build/lab2_pkg/lab2_pkg.egg-info/top_level.txt
[0.536s] reading manifest file '../../build/lab2_pkg/lab2_pkg.egg-info/SOURCES.txt'
[0.537s] writing manifest file '../../build/lab2_pkg/lab2_pkg.egg-info/SOURCES.txt'
[0.537s] running build
[0.537s] running build_py
[0.537s] creating /home/khushi/ros2_ws/build/lab2_pkg/build/lib/scripts
[0.537s] copying scripts/__init__.py -> /home/khushi/ros2_ws/build/lab2_pkg/build/lib/scripts
[0.538s] copying scripts/safetyNode.py -> /home/khushi/ros2_ws/build/lab2_pkg/build/lib/scripts
[0.538s] running install
[0.538s] running install_lib
[0.538s] creating /home/khushi/ros2_ws/install/lab2_pkg/lib/python3.10/site-packages/scripts
[0.538s] copying /home/khushi/ros2_ws/build/lab2_pkg/build/lib/scripts/__init__.py -> /home/khushi/ros2_ws/install/lab2_pkg/lib/python3.10/site-packages/scripts
[0.538s] copying /home/khushi/ros2_ws/build/lab2_pkg/build/lib/scripts/safetyNode.py -> /home/khushi/ros2_ws/install/lab2_pkg/lib/python3.10/site-packages/scripts
[0.539s] byte-compiling /home/khushi/ros2_ws/install/lab2_pkg/lib/python3.10/site-packages/scripts/__init__.py to __init__.cpython-310.pyc
[0.539s] byte-compiling /home/khushi/ros2_ws/install/lab2_pkg/lib/python3.10/site-packages/scripts/safetyNode.py to safetyNode.cpython-310.pyc
[0.539s] running install_data
[0.539s] running install_egg_info
[0.540s] removing '/home/khushi/ros2_ws/install/lab2_pkg/lib/python3.10/site-packages/lab2_pkg-0.0.0-py3.10.egg-info' (and everything under it)
[0.540s] Copying ../../build/lab2_pkg/lab2_pkg.egg-info to /home/khushi/ros2_ws/install/lab2_pkg/lib/python3.10/site-packages/lab2_pkg-0.0.0-py3.10.egg-info
[0.541s] running install_scripts
[0.551s] writing list of installed files to '/home/khushi/ros2_ws/build/lab2_pkg/install.log'
[0.569s] Invoked command in '/home/khushi/ros2_ws/src/lab2_pkg' returned '0': PYTHONPATH=/home/khushi/ros2_ws/build/lab2_pkg/prefix_override:/usr/lib/python3/dist-packages/colcon_core/task/python/colcon_distutils_commands:/home/khushi/ros2_ws/install/lab2_pkg/lib/python3.10/site-packages:${PYTHONPATH} /usr/bin/python3 -W ignore:setup.py install is deprecated setup.py egg_info --egg-base ../../build/lab2_pkg build --build-base /home/khushi/ros2_ws/build/lab2_pkg/build install --record /home/khushi/ros2_ws/build/lab2_pkg/install.log --single-version-externally-managed install_data
