[0.564s] Invoking command in '/home/ubuntu22/sim_ws/src/safety_node': PYTHONPATH=/home/ubuntu22/sim_ws/build/safety_node/prefix_override:/usr/lib/python3/dist-packages/colcon_core/task/python/colcon_distutils_commands:/home/ubuntu22/sim_ws/install/safety_node/lib/python3.10/site-packages:${PYTHONPATH} /usr/bin/python3 -W ignore:setup.py install is deprecated setup.py egg_info --egg-base ../../build/safety_node build --build-base /home/ubuntu22/sim_ws/build/safety_node/build install --record /home/ubuntu22/sim_ws/build/safety_node/install.log --single-version-externally-managed install_data
[0.725s] running egg_info
[0.726s] writing ../../build/safety_node/safety_node.egg-info/PKG-INFO
[0.726s] writing dependency_links to ../../build/safety_node/safety_node.egg-info/dependency_links.txt
[0.726s] writing entry points to ../../build/safety_node/safety_node.egg-info/entry_points.txt
[0.726s] writing requirements to ../../build/safety_node/safety_node.egg-info/requires.txt
[0.726s] writing top-level names to ../../build/safety_node/safety_node.egg-info/top_level.txt
[0.727s] reading manifest file '../../build/safety_node/safety_node.egg-info/SOURCES.txt'
[0.728s] writing manifest file '../../build/safety_node/safety_node.egg-info/SOURCES.txt'
[0.728s] running build
[0.728s] running build_py
[0.728s] copying safety_node/__init__.py -> /home/ubuntu22/sim_ws/build/safety_node/build/lib/safety_node
[0.728s] copying safety_node/aeb_node.py -> /home/ubuntu22/sim_ws/build/safety_node/build/lib/safety_node
[0.728s] running install
[0.728s] running install_lib
[0.729s] copying /home/ubuntu22/sim_ws/build/safety_node/build/lib/safety_node/__init__.py -> /home/ubuntu22/sim_ws/install/safety_node/lib/python3.10/site-packages/safety_node
[0.729s] copying /home/ubuntu22/sim_ws/build/safety_node/build/lib/safety_node/aeb_node.py -> /home/ubuntu22/sim_ws/install/safety_node/lib/python3.10/site-packages/safety_node
[0.729s] byte-compiling /home/ubuntu22/sim_ws/install/safety_node/lib/python3.10/site-packages/safety_node/__init__.py to __init__.cpython-310.pyc
[0.729s] byte-compiling /home/ubuntu22/sim_ws/install/safety_node/lib/python3.10/site-packages/safety_node/aeb_node.py to aeb_node.cpython-310.pyc
[0.729s] running install_data
[0.729s] running install_egg_info
[0.731s] Copying ../../build/safety_node/safety_node.egg-info to /home/ubuntu22/sim_ws/install/safety_node/lib/python3.10/site-packages/safety_node-0.0.1-py3.10.egg-info
[0.731s] running install_scripts
[0.747s] Installing aeb_node script to /home/ubuntu22/sim_ws/install/safety_node/lib/safety_node
[0.747s] writing list of installed files to '/home/ubuntu22/sim_ws/build/safety_node/install.log'
[0.764s] Invoked command in '/home/ubuntu22/sim_ws/src/safety_node' returned '0': PYTHONPATH=/home/ubuntu22/sim_ws/build/safety_node/prefix_override:/usr/lib/python3/dist-packages/colcon_core/task/python/colcon_distutils_commands:/home/ubuntu22/sim_ws/install/safety_node/lib/python3.10/site-packages:${PYTHONPATH} /usr/bin/python3 -W ignore:setup.py install is deprecated setup.py egg_info --egg-base ../../build/safety_node build --build-base /home/ubuntu22/sim_ws/build/safety_node/build install --record /home/ubuntu22/sim_ws/build/safety_node/install.log --single-version-externally-managed install_data
