running egg_info
creating ../../build/safety_node/safety_node.egg-info
writing ../../build/safety_node/safety_node.egg-info/PKG-INFO
writing dependency_links to ../../build/safety_node/safety_node.egg-info/dependency_links.txt
writing entry points to ../../build/safety_node/safety_node.egg-info/entry_points.txt
writing requirements to ../../build/safety_node/safety_node.egg-info/requires.txt
writing top-level names to ../../build/safety_node/safety_node.egg-info/top_level.txt
writing manifest file '../../build/safety_node/safety_node.egg-info/SOURCES.txt'
reading manifest file '../../build/safety_node/safety_node.egg-info/SOURCES.txt'
writing manifest file '../../build/safety_node/safety_node.egg-info/SOURCES.txt'
running build
running build_py
creating /home/ubuntu22/sim_ws/build/safety_node/build
creating /home/ubuntu22/sim_ws/build/safety_node/build/lib
creating /home/ubuntu22/sim_ws/build/safety_node/build/lib/safety_node
copying safety_node/__init__.py -> /home/ubuntu22/sim_ws/build/safety_node/build/lib/safety_node
copying safety_node/safety_node.py -> /home/ubuntu22/sim_ws/build/safety_node/build/lib/safety_node
running install
running install_lib
creating /home/ubuntu22/sim_ws/install/safety_node/lib/python3.10/site-packages/safety_node
copying /home/ubuntu22/sim_ws/build/safety_node/build/lib/safety_node/__init__.py -> /home/ubuntu22/sim_ws/install/safety_node/lib/python3.10/site-packages/safety_node
copying /home/ubuntu22/sim_ws/build/safety_node/build/lib/safety_node/safety_node.py -> /home/ubuntu22/sim_ws/install/safety_node/lib/python3.10/site-packages/safety_node
byte-compiling /home/ubuntu22/sim_ws/install/safety_node/lib/python3.10/site-packages/safety_node/__init__.py to __init__.cpython-310.pyc
byte-compiling /home/ubuntu22/sim_ws/install/safety_node/lib/python3.10/site-packages/safety_node/safety_node.py to safety_node.cpython-310.pyc
running install_data
creating /home/ubuntu22/sim_ws/install/safety_node/share/ament_index
creating /home/ubuntu22/sim_ws/install/safety_node/share/ament_index/resource_index
creating /home/ubuntu22/sim_ws/install/safety_node/share/ament_index/resource_index/packages
copying resource/safety_node -> /home/ubuntu22/sim_ws/install/safety_node/share/ament_index/resource_index/packages
copying package.xml -> /home/ubuntu22/sim_ws/install/safety_node/share/safety_node
running install_egg_info
Copying ../../build/safety_node/safety_node.egg-info to /home/ubuntu22/sim_ws/install/safety_node/lib/python3.10/site-packages/safety_node-0.0.0-py3.10.egg-info
running install_scripts
writing list of installed files to '/home/ubuntu22/sim_ws/build/safety_node/install.log'
