[0.015s] Invoking command in '/home/keshav/lab1_ws/build/lab1_pkg': CMAKE_PREFIX_PATH=/opt/ros/foxy:/home/keshav/sim_ws/install/f1tenth_gym_ros /usr/bin/cmake /home/keshav/lab1_ws/src/lab1_pkg -DCMAKE_INSTALL_PREFIX=/home/keshav/lab1_ws/install/lab1_pkg
[0.081s] -- The C compiler identification is GNU 9.4.0
[0.139s] -- The CXX compiler identification is GNU 9.4.0
[0.144s] -- Check for working C compiler: /usr/bin/cc
[0.187s] -- Check for working C compiler: /usr/bin/cc -- works
[0.188s] -- Detecting C compiler ABI info
[0.232s] -- Detecting C compiler ABI info - done
[0.238s] -- Detecting C compile features
[0.238s] -- Detecting C compile features - done
[0.240s] -- Check for working CXX compiler: /usr/bin/c++
[0.291s] -- Check for working CXX compiler: /usr/bin/c++ -- works
[0.292s] -- Detecting CXX compiler ABI info
[0.347s] -- Detecting CXX compiler ABI info - done
[0.354s] -- Detecting CXX compile features
[0.354s] -- Detecting CXX compile features - done
[0.357s] -- Found ament_cmake: 0.9.12 (/opt/ros/foxy/share/ament_cmake/cmake)
[0.374s] -- Found PythonInterp: /usr/bin/python3 (found suitable version "3.8.10", minimum required is "3") 
[0.374s] -- Using PYTHON_EXECUTABLE: /usr/bin/python3
[0.493s] -- Found rclcpp: 2.4.3 (/opt/ros/foxy/share/rclcpp/cmake)
[0.527s] -- Using all available rosidl_typesupport_c: rosidl_typesupport_fastrtps_c;rosidl_typesupport_introspection_c
[0.532s] -- Found rosidl_adapter: 1.3.1 (/opt/ros/foxy/share/rosidl_adapter/cmake)
[0.585s] -- Found OpenSSL: /usr/lib/x86_64-linux-gnu/libcrypto.so (found version "1.1.1f")  
[0.605s] -- Found FastRTPS: /opt/ros/foxy/include  
[0.659s] -- Using all available rosidl_typesupport_cpp: rosidl_typesupport_fastrtps_cpp;rosidl_typesupport_introspection_cpp
[0.698s] -- Found rmw_implementation_cmake: 1.0.4 (/opt/ros/foxy/share/rmw_implementation_cmake/cmake)
[0.699s] -- Using RMW implementation 'rmw_fastrtps_cpp' as default
[0.700s] -- Looking for pthread.h
[0.745s] -- Looking for pthread.h - found
[0.745s] -- Performing Test CMAKE_HAVE_LIBC_PTHREAD
[0.791s] -- Performing Test CMAKE_HAVE_LIBC_PTHREAD - Failed
[0.791s] -- Looking for pthread_create in pthreads
[0.828s] -- Looking for pthread_create in pthreads - not found
[0.828s] -- Looking for pthread_create in pthread
[0.872s] -- Looking for pthread_create in pthread - found
[0.873s] -- Found Threads: TRUE  
[0.978s] -- Found rclpy: 1.0.13 (/opt/ros/foxy/share/rclpy/cmake)
[0.979s] -- Found ackermann_msgs: 2.0.2 (/opt/ros/foxy/share/ackermann_msgs/cmake)
[1.002s] -- Found ament_lint_auto: 0.9.8 (/opt/ros/foxy/share/ament_lint_auto/cmake)
[1.051s] -- Added test 'copyright' to check source files copyright and LICENSE
[1.052s] -- Added test 'lint_cmake' to check CMake code style
[1.053s] -- Added test 'xmllint' to check XML markup files
[1.055s] -- Configuring done
[1.056s] -- Generating done
[1.057s] -- Build files have been written to: /home/keshav/lab1_ws/build/lab1_pkg
[1.062s] Invoked command in '/home/keshav/lab1_ws/build/lab1_pkg' returned '0': CMAKE_PREFIX_PATH=/opt/ros/foxy:/home/keshav/sim_ws/install/f1tenth_gym_ros /usr/bin/cmake /home/keshav/lab1_ws/src/lab1_pkg -DCMAKE_INSTALL_PREFIX=/home/keshav/lab1_ws/install/lab1_pkg
[1.064s] Invoking command in '/home/keshav/lab1_ws/build/lab1_pkg': CMAKE_PREFIX_PATH=/opt/ros/foxy:/home/keshav/sim_ws/install/f1tenth_gym_ros /usr/bin/cmake --build /home/keshav/lab1_ws/build/lab1_pkg -- -j16 -l16
[1.090s] Invoked command in '/home/keshav/lab1_ws/build/lab1_pkg' returned '0': CMAKE_PREFIX_PATH=/opt/ros/foxy:/home/keshav/sim_ws/install/f1tenth_gym_ros /usr/bin/cmake --build /home/keshav/lab1_ws/build/lab1_pkg -- -j16 -l16
[1.110s] Invoking command in '/home/keshav/lab1_ws/build/lab1_pkg': CMAKE_PREFIX_PATH=/opt/ros/foxy:/home/keshav/sim_ws/install/f1tenth_gym_ros /usr/bin/cmake --install /home/keshav/lab1_ws/build/lab1_pkg
[1.115s] -- Install configuration: ""
[1.116s] -- Installing: /home/keshav/lab1_ws/install/lab1_pkg/share/ament_index/resource_index/package_run_dependencies/lab1_pkg
[1.116s] -- Installing: /home/keshav/lab1_ws/install/lab1_pkg/share/ament_index/resource_index/parent_prefix_path/lab1_pkg
[1.116s] -- Installing: /home/keshav/lab1_ws/install/lab1_pkg/share/lab1_pkg/environment/ament_prefix_path.sh
[1.116s] -- Installing: /home/keshav/lab1_ws/install/lab1_pkg/share/lab1_pkg/environment/ament_prefix_path.dsv
[1.116s] -- Installing: /home/keshav/lab1_ws/install/lab1_pkg/share/lab1_pkg/environment/path.sh
[1.116s] -- Installing: /home/keshav/lab1_ws/install/lab1_pkg/share/lab1_pkg/environment/path.dsv
[1.116s] -- Installing: /home/keshav/lab1_ws/install/lab1_pkg/share/lab1_pkg/local_setup.bash
[1.116s] -- Installing: /home/keshav/lab1_ws/install/lab1_pkg/share/lab1_pkg/local_setup.sh
[1.116s] -- Installing: /home/keshav/lab1_ws/install/lab1_pkg/share/lab1_pkg/local_setup.zsh
[1.116s] -- Installing: /home/keshav/lab1_ws/install/lab1_pkg/share/lab1_pkg/local_setup.dsv
[1.116s] -- Installing: /home/keshav/lab1_ws/install/lab1_pkg/share/lab1_pkg/package.dsv
[1.117s] -- Installing: /home/keshav/lab1_ws/install/lab1_pkg/share/ament_index/resource_index/packages/lab1_pkg
[1.117s] -- Installing: /home/keshav/lab1_ws/install/lab1_pkg/share/lab1_pkg/cmake/lab1_pkgConfig.cmake
[1.117s] -- Installing: /home/keshav/lab1_ws/install/lab1_pkg/share/lab1_pkg/cmake/lab1_pkgConfig-version.cmake
[1.117s] -- Installing: /home/keshav/lab1_ws/install/lab1_pkg/share/lab1_pkg/package.xml
[1.118s] Invoked command in '/home/keshav/lab1_ws/build/lab1_pkg' returned '0': CMAKE_PREFIX_PATH=/opt/ros/foxy:/home/keshav/sim_ws/install/f1tenth_gym_ros /usr/bin/cmake --install /home/keshav/lab1_ws/build/lab1_pkg
