[0.425s] Invoking command in '/home/khushi/ros2_ws/src/lab2_pkg': PYTHONPATH=/home/khushi/ros2_ws/build/lab2_pkg/prefix_override:/usr/lib/python3/dist-packages/colcon_core/task/python/colcon_distutils_commands:/home/khushi/ros2_ws/install/lab2_pkg/lib/python3.10/site-packages:${PYTHONPATH} /usr/bin/python3 -W ignore:setup.py install is deprecated setup.py egg_info --egg-base ../../build/lab2_pkg build --build-base /home/khushi/ros2_ws/build/lab2_pkg/build install --record /home/khushi/ros2_ws/build/lab2_pkg/install.log --single-version-externally-managed
[0.545s] running egg_info
[0.545s] writing ../../build/lab2_pkg/lab2_pkg.egg-info/PKG-INFO
[0.545s] writing dependency_links to ../../build/lab2_pkg/lab2_pkg.egg-info/dependency_links.txt
[0.545s] writing entry points to ../../build/lab2_pkg/lab2_pkg.egg-info/entry_points.txt
[0.545s] writing requirements to ../../build/lab2_pkg/lab2_pkg.egg-info/requires.txt
[0.545s] writing top-level names to ../../build/lab2_pkg/lab2_pkg.egg-info/top_level.txt
[0.547s] reading manifest file '../../build/lab2_pkg/lab2_pkg.egg-info/SOURCES.txt'
[0.547s] writing manifest file '../../build/lab2_pkg/lab2_pkg.egg-info/SOURCES.txt'
[0.547s] running build
[0.547s] running build_py
[0.547s] copying lab2_pkg/safety_node.py -> /home/khushi/ros2_ws/build/lab2_pkg/build/lib/lab2_pkg
[0.548s] running install
[0.548s] running install_lib
[0.548s] copying /home/khushi/ros2_ws/build/lab2_pkg/build/lib/lab2_pkg/safety_node.py -> /home/khushi/ros2_ws/install/lab2_pkg/lib/python3.10/site-packages/lab2_pkg
[0.549s] byte-compiling /home/khushi/ros2_ws/install/lab2_pkg/lib/python3.10/site-packages/lab2_pkg/safety_node.py to safety_node.cpython-310.pyc
[0.549s] running install_egg_info
[0.550s] removing '/home/khushi/ros2_ws/install/lab2_pkg/lib/python3.10/site-packages/lab2_pkg-0.0.1-py3.10.egg-info' (and everything under it)
[0.550s] Copying ../../build/lab2_pkg/lab2_pkg.egg-info to /home/khushi/ros2_ws/install/lab2_pkg/lib/python3.10/site-packages/lab2_pkg-0.0.1-py3.10.egg-info
[0.550s] running install_scripts
[0.561s] Installing safety_node script to /home/khushi/ros2_ws/install/lab2_pkg/lib/lab2_pkg
[0.561s] writing list of installed files to '/home/khushi/ros2_ws/build/lab2_pkg/install.log'
[0.576s] Invoked command in '/home/khushi/ros2_ws/src/lab2_pkg' returned '0': PYTHONPATH=/home/khushi/ros2_ws/build/lab2_pkg/prefix_override:/usr/lib/python3/dist-packages/colcon_core/task/python/colcon_distutils_commands:/home/khushi/ros2_ws/install/lab2_pkg/lib/python3.10/site-packages:${PYTHONPATH} /usr/bin/python3 -W ignore:setup.py install is deprecated setup.py egg_info --egg-base ../../build/lab2_pkg build --build-base /home/khushi/ros2_ws/build/lab2_pkg/build install --record /home/khushi/ros2_ws/build/lab2_pkg/install.log --single-version-externally-managed
