[0.065s] DEBUG:colcon:Command line arguments: ['/usr/bin/colcon', 'build']
[0.065s] DEBUG:colcon:Parsed command line arguments: Namespace(log_base=None, log_level=None, verb_name='build', build_base='build', install_base='install', merge_install=False, symlink_install=False, test_result_base=None, continue_on_error=False, executor='parallel', parallel_workers=24, event_handlers=None, ignore_user_meta=False, metas=['./colcon.meta'], base_paths=['.'], packages_ignore=None, packages_ignore_regex=None, paths=None, packages_up_to=None, packages_up_to_regex=None, packages_above=None, packages_above_and_dependencies=None, packages_above_depth=None, packages_select_by_dep=None, packages_skip_by_dep=None, packages_skip_up_to=None, packages_select_build_failed=False, packages_skip_build_finished=False, packages_select_test_failures=False, packages_skip_test_passed=False, packages_select=None, packages_skip=None, packages_select_regex=None, packages_skip_regex=None, packages_start=None, packages_end=None, allow_overriding=[], cmake_args=None, cmake_target=None, cmake_target_skip_unavailable=False, cmake_clean_cache=False, cmake_clean_first=False, cmake_force_configure=False, ament_cmake_args=None, catkin_cmake_args=None, catkin_skip_building_tests=False, mixin_files=None, mixin=None, verb_parser=<colcon_mixin.mixin.mixin_argument.MixinArgumentDecorator object at 0x7bd23183e3e0>, verb_extension=<colcon_core.verb.build.BuildVerb object at 0x7bd23183de10>, main=<bound method BuildVerb.main of <colcon_core.verb.build.BuildVerb object at 0x7bd23183de10>>, mixin_verb=('build',))
[0.159s] Level 1:colcon.colcon_core.package_discovery:discover_packages(colcon_meta) check parameters
[0.159s] Level 1:colcon.colcon_core.package_discovery:discover_packages(recursive) check parameters
[0.159s] Level 1:colcon.colcon_core.package_discovery:discover_packages(ignore) check parameters
[0.159s] Level 1:colcon.colcon_core.package_discovery:discover_packages(path) check parameters
[0.159s] Level 1:colcon.colcon_core.package_discovery:discover_packages(colcon_meta) discover
[0.160s] Level 1:colcon.colcon_core.package_discovery:discover_packages(recursive) discover
[0.160s] INFO:colcon.colcon_core.package_discovery:Crawling recursively for packages in '/home/ubuntu22/lab1_ws/src/lab1_pkg'
[0.160s] Level 1:colcon.colcon_core.package_identification:_identify(.) by extensions ['ignore', 'ignore_ament_install']
[0.160s] Level 1:colcon.colcon_core.package_identification:_identify(.) by extension 'ignore'
[0.160s] Level 1:colcon.colcon_core.package_identification:_identify(.) by extension 'ignore_ament_install'
[0.160s] Level 1:colcon.colcon_core.package_identification:_identify(.) by extensions ['colcon_pkg']
[0.160s] Level 1:colcon.colcon_core.package_identification:_identify(.) by extension 'colcon_pkg'
[0.160s] Level 1:colcon.colcon_core.package_identification:_identify(.) by extensions ['colcon_meta']
[0.160s] Level 1:colcon.colcon_core.package_identification:_identify(.) by extension 'colcon_meta'
[0.160s] Level 1:colcon.colcon_core.package_identification:_identify(.) by extensions ['ros']
[0.160s] Level 1:colcon.colcon_core.package_identification:_identify(.) by extension 'ros'
[0.169s] DEBUG:colcon.colcon_core.package_identification:Package '.' with type 'ros.ament_cmake' and name 'lab1_pkg'
[0.169s] Level 1:colcon.colcon_core.package_discovery:discover_packages(recursive) using defaults
[0.169s] Level 1:colcon.colcon_core.package_discovery:discover_packages(ignore) discover
[0.169s] Level 1:colcon.colcon_core.package_discovery:discover_packages(ignore) using defaults
[0.169s] Level 1:colcon.colcon_core.package_discovery:discover_packages(path) discover
[0.169s] Level 1:colcon.colcon_core.package_discovery:discover_packages(path) using defaults
[0.182s] Level 1:colcon.colcon_core.package_discovery:discover_packages(prefix_path) check parameters
[0.182s] Level 1:colcon.colcon_core.package_discovery:discover_packages(prefix_path) discover
[0.183s] DEBUG:colcon.colcon_installed_package_information.package_discovery:Found 1 installed packages in /home/ubuntu22/lab1_ws/install
[0.183s] DEBUG:colcon.colcon_installed_package_information.package_discovery:Found 1 installed packages in /home/ubuntu22/sim_ws/install
[0.184s] DEBUG:colcon.colcon_installed_package_information.package_discovery:Found 282 installed packages in /opt/ros/humble
[0.191s] Level 1:colcon.colcon_core.package_discovery:discover_packages(prefix_path) using defaults
[0.212s] Level 5:colcon.colcon_core.verb:set package 'lab1_pkg' build argument 'cmake_args' from command line to 'None'
[0.212s] Level 5:colcon.colcon_core.verb:set package 'lab1_pkg' build argument 'cmake_target' from command line to 'None'
[0.212s] Level 5:colcon.colcon_core.verb:set package 'lab1_pkg' build argument 'cmake_target_skip_unavailable' from command line to 'False'
[0.212s] Level 5:colcon.colcon_core.verb:set package 'lab1_pkg' build argument 'cmake_clean_cache' from command line to 'False'
[0.212s] Level 5:colcon.colcon_core.verb:set package 'lab1_pkg' build argument 'cmake_clean_first' from command line to 'False'
[0.212s] Level 5:colcon.colcon_core.verb:set package 'lab1_pkg' build argument 'cmake_force_configure' from command line to 'False'
[0.212s] Level 5:colcon.colcon_core.verb:set package 'lab1_pkg' build argument 'ament_cmake_args' from command line to 'None'
[0.212s] Level 5:colcon.colcon_core.verb:set package 'lab1_pkg' build argument 'catkin_cmake_args' from command line to 'None'
[0.212s] Level 5:colcon.colcon_core.verb:set package 'lab1_pkg' build argument 'catkin_skip_building_tests' from command line to 'False'
[0.212s] DEBUG:colcon.colcon_core.verb:Building package 'lab1_pkg' with the following arguments: {'ament_cmake_args': None, 'build_base': '/home/ubuntu22/lab1_ws/src/lab1_pkg/build/lab1_pkg', 'catkin_cmake_args': None, 'catkin_skip_building_tests': False, 'cmake_args': None, 'cmake_clean_cache': False, 'cmake_clean_first': False, 'cmake_force_configure': False, 'cmake_target': None, 'cmake_target_skip_unavailable': False, 'install_base': '/home/ubuntu22/lab1_ws/src/lab1_pkg/install/lab1_pkg', 'merge_install': False, 'path': '/home/ubuntu22/lab1_ws/src/lab1_pkg', 'symlink_install': False, 'test_result_base': None}
[0.212s] INFO:colcon.colcon_core.executor:Executing jobs using 'parallel' executor
[0.213s] DEBUG:colcon.colcon_parallel_executor.executor.parallel:run_until_complete
[0.213s] INFO:colcon.colcon_ros.task.ament_cmake.build:Building ROS package in '/home/ubuntu22/lab1_ws/src/lab1_pkg' with build type 'ament_cmake'
[0.213s] INFO:colcon.colcon_cmake.task.cmake.build:Building CMake package in '/home/ubuntu22/lab1_ws/src/lab1_pkg'
[0.214s] INFO:colcon.colcon_core.plugin_system:Skipping extension 'colcon_core.shell.bat': Not used on non-Windows systems
[0.214s] INFO:colcon.colcon_core.shell:Skip shell extension 'powershell' for command environment: Not usable outside of PowerShell
[0.214s] DEBUG:colcon.colcon_core.shell:Skip shell extension 'dsv' for command environment
[0.220s] DEBUG:colcon.colcon_core.event_handler.log_command:Invoking command in '/home/ubuntu22/lab1_ws/src/lab1_pkg/build/lab1_pkg': CMAKE_PREFIX_PATH=${CMAKE_PREFIX_PATH}:/home/ubuntu22/sim_ws/install/f1tenth_gym_ros:/opt/ros/humble /usr/bin/cmake /home/ubuntu22/lab1_ws/src/lab1_pkg -DCMAKE_INSTALL_PREFIX=/home/ubuntu22/lab1_ws/src/lab1_pkg/install/lab1_pkg
[1.194s] DEBUG:colcon.colcon_core.event_handler.log_command:Invoked command in '/home/ubuntu22/lab1_ws/src/lab1_pkg/build/lab1_pkg' returned '0': CMAKE_PREFIX_PATH=${CMAKE_PREFIX_PATH}:/home/ubuntu22/sim_ws/install/f1tenth_gym_ros:/opt/ros/humble /usr/bin/cmake /home/ubuntu22/lab1_ws/src/lab1_pkg -DCMAKE_INSTALL_PREFIX=/home/ubuntu22/lab1_ws/src/lab1_pkg/install/lab1_pkg
[1.195s] DEBUG:colcon.colcon_core.event_handler.log_command:Invoking command in '/home/ubuntu22/lab1_ws/src/lab1_pkg/build/lab1_pkg': CMAKE_PREFIX_PATH=${CMAKE_PREFIX_PATH}:/home/ubuntu22/sim_ws/install/f1tenth_gym_ros:/opt/ros/humble /usr/bin/cmake --build /home/ubuntu22/lab1_ws/src/lab1_pkg/build/lab1_pkg -- -j24 -l24
[6.610s] DEBUG:colcon.colcon_core.event_handler.log_command:Invoked command in '/home/ubuntu22/lab1_ws/src/lab1_pkg/build/lab1_pkg' returned '0': CMAKE_PREFIX_PATH=${CMAKE_PREFIX_PATH}:/home/ubuntu22/sim_ws/install/f1tenth_gym_ros:/opt/ros/humble /usr/bin/cmake --build /home/ubuntu22/lab1_ws/src/lab1_pkg/build/lab1_pkg -- -j24 -l24
[6.649s] DEBUG:colcon.colcon_core.event_handler.log_command:Invoking command in '/home/ubuntu22/lab1_ws/src/lab1_pkg/build/lab1_pkg': CMAKE_PREFIX_PATH=${CMAKE_PREFIX_PATH}:/home/ubuntu22/sim_ws/install/f1tenth_gym_ros:/opt/ros/humble /usr/bin/cmake --install /home/ubuntu22/lab1_ws/src/lab1_pkg/build/lab1_pkg
[6.664s] Level 1:colcon.colcon_core.environment:create_environment_scripts_only(lab1_pkg)
[6.665s] DEBUG:colcon.colcon_core.event_handler.log_command:Invoked command in '/home/ubuntu22/lab1_ws/src/lab1_pkg/build/lab1_pkg' returned '0': CMAKE_PREFIX_PATH=${CMAKE_PREFIX_PATH}:/home/ubuntu22/sim_ws/install/f1tenth_gym_ros:/opt/ros/humble /usr/bin/cmake --install /home/ubuntu22/lab1_ws/src/lab1_pkg/build/lab1_pkg
[6.667s] Level 1:colcon.colcon_core.environment:checking '/home/ubuntu22/lab1_ws/src/lab1_pkg/install/lab1_pkg' for CMake module files
[6.668s] Level 1:colcon.colcon_core.environment:checking '/home/ubuntu22/lab1_ws/src/lab1_pkg/install/lab1_pkg' for CMake config files
[6.668s] Level 1:colcon.colcon_core.shell:create_environment_hook('lab1_pkg', 'cmake_prefix_path')
[6.668s] INFO:colcon.colcon_core.shell:Creating environment hook '/home/ubuntu22/lab1_ws/src/lab1_pkg/install/lab1_pkg/share/lab1_pkg/hook/cmake_prefix_path.ps1'
[6.669s] INFO:colcon.colcon_core.shell:Creating environment descriptor '/home/ubuntu22/lab1_ws/src/lab1_pkg/install/lab1_pkg/share/lab1_pkg/hook/cmake_prefix_path.dsv'
[6.669s] INFO:colcon.colcon_core.shell:Creating environment hook '/home/ubuntu22/lab1_ws/src/lab1_pkg/install/lab1_pkg/share/lab1_pkg/hook/cmake_prefix_path.sh'
[6.670s] Level 1:colcon.colcon_core.environment:checking '/home/ubuntu22/lab1_ws/src/lab1_pkg/install/lab1_pkg/lib'
[6.670s] Level 1:colcon.colcon_core.environment:checking '/home/ubuntu22/lab1_ws/src/lab1_pkg/install/lab1_pkg/bin'
[6.671s] Level 1:colcon.colcon_core.environment:checking '/home/ubuntu22/lab1_ws/src/lab1_pkg/install/lab1_pkg/lib/pkgconfig/lab1_pkg.pc'
[6.671s] Level 1:colcon.colcon_core.environment:checking '/home/ubuntu22/lab1_ws/src/lab1_pkg/install/lab1_pkg/lib/python3.10/site-packages'
[6.671s] Level 1:colcon.colcon_core.environment:checking '/home/ubuntu22/lab1_ws/src/lab1_pkg/install/lab1_pkg/bin'
[6.672s] INFO:colcon.colcon_core.shell:Creating package script '/home/ubuntu22/lab1_ws/src/lab1_pkg/install/lab1_pkg/share/lab1_pkg/package.ps1'
[6.672s] INFO:colcon.colcon_core.shell:Creating package descriptor '/home/ubuntu22/lab1_ws/src/lab1_pkg/install/lab1_pkg/share/lab1_pkg/package.dsv'
[6.673s] INFO:colcon.colcon_core.shell:Creating package script '/home/ubuntu22/lab1_ws/src/lab1_pkg/install/lab1_pkg/share/lab1_pkg/package.sh'
[6.674s] INFO:colcon.colcon_core.shell:Creating package script '/home/ubuntu22/lab1_ws/src/lab1_pkg/install/lab1_pkg/share/lab1_pkg/package.bash'
[6.675s] INFO:colcon.colcon_core.shell:Creating package script '/home/ubuntu22/lab1_ws/src/lab1_pkg/install/lab1_pkg/share/lab1_pkg/package.zsh'
[6.675s] Level 1:colcon.colcon_core.environment:create_file_with_runtime_dependencies(/home/ubuntu22/lab1_ws/src/lab1_pkg/install/lab1_pkg/share/colcon-core/packages/lab1_pkg)
[6.710s] Level 1:colcon.colcon_core.environment:create_environment_scripts_only(lab1_pkg)
[6.710s] Level 1:colcon.colcon_core.environment:checking '/home/ubuntu22/lab1_ws/src/lab1_pkg/install/lab1_pkg' for CMake module files
[6.711s] Level 1:colcon.colcon_core.environment:checking '/home/ubuntu22/lab1_ws/src/lab1_pkg/install/lab1_pkg' for CMake config files
[6.711s] Level 1:colcon.colcon_core.shell:create_environment_hook('lab1_pkg', 'cmake_prefix_path')
[6.711s] INFO:colcon.colcon_core.shell:Creating environment hook '/home/ubuntu22/lab1_ws/src/lab1_pkg/install/lab1_pkg/share/lab1_pkg/hook/cmake_prefix_path.ps1'
[6.711s] INFO:colcon.colcon_core.shell:Creating environment descriptor '/home/ubuntu22/lab1_ws/src/lab1_pkg/install/lab1_pkg/share/lab1_pkg/hook/cmake_prefix_path.dsv'
[6.712s] INFO:colcon.colcon_core.shell:Creating environment hook '/home/ubuntu22/lab1_ws/src/lab1_pkg/install/lab1_pkg/share/lab1_pkg/hook/cmake_prefix_path.sh'
[6.712s] Level 1:colcon.colcon_core.environment:checking '/home/ubuntu22/lab1_ws/src/lab1_pkg/install/lab1_pkg/lib'
[6.712s] Level 1:colcon.colcon_core.environment:checking '/home/ubuntu22/lab1_ws/src/lab1_pkg/install/lab1_pkg/bin'
[6.712s] Level 1:colcon.colcon_core.environment:checking '/home/ubuntu22/lab1_ws/src/lab1_pkg/install/lab1_pkg/lib/pkgconfig/lab1_pkg.pc'
[6.712s] Level 1:colcon.colcon_core.environment:checking '/home/ubuntu22/lab1_ws/src/lab1_pkg/install/lab1_pkg/lib/python3.10/site-packages'
[6.713s] Level 1:colcon.colcon_core.environment:checking '/home/ubuntu22/lab1_ws/src/lab1_pkg/install/lab1_pkg/bin'
[6.713s] INFO:colcon.colcon_core.shell:Creating package script '/home/ubuntu22/lab1_ws/src/lab1_pkg/install/lab1_pkg/share/lab1_pkg/package.ps1'
[6.713s] INFO:colcon.colcon_core.shell:Creating package descriptor '/home/ubuntu22/lab1_ws/src/lab1_pkg/install/lab1_pkg/share/lab1_pkg/package.dsv'
[6.714s] INFO:colcon.colcon_core.shell:Creating package script '/home/ubuntu22/lab1_ws/src/lab1_pkg/install/lab1_pkg/share/lab1_pkg/package.sh'
[6.714s] INFO:colcon.colcon_core.shell:Creating package script '/home/ubuntu22/lab1_ws/src/lab1_pkg/install/lab1_pkg/share/lab1_pkg/package.bash'
[6.715s] INFO:colcon.colcon_core.shell:Creating package script '/home/ubuntu22/lab1_ws/src/lab1_pkg/install/lab1_pkg/share/lab1_pkg/package.zsh'
[6.715s] Level 1:colcon.colcon_core.environment:create_file_with_runtime_dependencies(/home/ubuntu22/lab1_ws/src/lab1_pkg/install/lab1_pkg/share/colcon-core/packages/lab1_pkg)
[6.715s] DEBUG:colcon.colcon_parallel_executor.executor.parallel:closing loop
[6.715s] DEBUG:colcon.colcon_parallel_executor.executor.parallel:loop closed
[6.715s] DEBUG:colcon.colcon_parallel_executor.executor.parallel:run_until_complete finished with '0'
[6.715s] DEBUG:colcon.colcon_core.event_reactor:joining thread
[6.722s] INFO:colcon.colcon_core.plugin_system:Skipping extension 'colcon_notification.desktop_notification.terminal_notifier': Not used on non-Darwin systems
[6.722s] INFO:colcon.colcon_core.plugin_system:Skipping extension 'colcon_notification.desktop_notification.win32': Not used on non-Windows systems
[6.722s] INFO:colcon.colcon_notification.desktop_notification:Sending desktop notification using 'notify2'
[6.739s] DEBUG:colcon.colcon_core.event_reactor:joined thread
[6.739s] INFO:colcon.colcon_core.shell:Creating prefix script '/home/ubuntu22/lab1_ws/src/lab1_pkg/install/local_setup.ps1'
[6.740s] INFO:colcon.colcon_core.shell:Creating prefix util module '/home/ubuntu22/lab1_ws/src/lab1_pkg/install/_local_setup_util_ps1.py'
[6.742s] INFO:colcon.colcon_core.shell:Creating prefix chain script '/home/ubuntu22/lab1_ws/src/lab1_pkg/install/setup.ps1'
[6.743s] INFO:colcon.colcon_core.shell:Creating prefix script '/home/ubuntu22/lab1_ws/src/lab1_pkg/install/local_setup.sh'
[6.744s] INFO:colcon.colcon_core.shell:Creating prefix util module '/home/ubuntu22/lab1_ws/src/lab1_pkg/install/_local_setup_util_sh.py'
[6.744s] INFO:colcon.colcon_core.shell:Creating prefix chain script '/home/ubuntu22/lab1_ws/src/lab1_pkg/install/setup.sh'
[6.745s] INFO:colcon.colcon_core.shell:Creating prefix script '/home/ubuntu22/lab1_ws/src/lab1_pkg/install/local_setup.bash'
[6.745s] INFO:colcon.colcon_core.shell:Creating prefix chain script '/home/ubuntu22/lab1_ws/src/lab1_pkg/install/setup.bash'
[6.746s] INFO:colcon.colcon_core.shell:Creating prefix script '/home/ubuntu22/lab1_ws/src/lab1_pkg/install/local_setup.zsh'
[6.746s] INFO:colcon.colcon_core.shell:Creating prefix chain script '/home/ubuntu22/lab1_ws/src/lab1_pkg/install/setup.zsh'
