[0.007s] Invoking command in '/home/ubuntu22/lab1_ws/src/lab1_pkg/build/lab1_pkg': CMAKE_PREFIX_PATH=${CMAKE_PREFIX_PATH}:/home/ubuntu22/sim_ws/install/f1tenth_gym_ros:/opt/ros/humble /usr/bin/cmake /home/ubuntu22/lab1_ws/src/lab1_pkg -DCMAKE_INSTALL_PREFIX=/home/ubuntu22/lab1_ws/src/lab1_pkg/install/lab1_pkg
[0.057s] -- The C compiler identification is GNU 11.4.0
[0.106s] -- The CXX compiler identification is GNU 11.4.0
[0.111s] -- Detecting C compiler ABI info
[0.181s] -- Detecting C compiler ABI info - done
[0.191s] -- Check for working C compiler: /usr/bin/cc - skipped
[0.191s] -- Detecting C compile features
[0.192s] -- Detecting C compile features - done
[0.195s] -- Detecting CXX compiler ABI info
[0.281s] -- Detecting CXX compiler ABI info - done
[0.286s] -- Check for working CXX compiler: /usr/bin/c++ - skipped
[0.286s] -- Detecting CXX compile features
[0.286s] -- Detecting CXX compile features - done
[0.288s] -- Found ament_cmake: 1.3.10 (/opt/ros/humble/share/ament_cmake/cmake)
[0.423s] -- Found Python3: /usr/bin/python3 (found version "3.10.12") found components: Interpreter 
[0.483s] -- Found ackermann_msgs: 2.0.2 (/opt/ros/humble/share/ackermann_msgs/cmake)
[0.516s] -- Found rosidl_generator_c: 3.1.5 (/opt/ros/humble/share/rosidl_generator_c/cmake)
[0.519s] -- Found rosidl_adapter: 3.1.5 (/opt/ros/humble/share/rosidl_adapter/cmake)
[0.524s] -- Found rosidl_generator_cpp: 3.1.5 (/opt/ros/humble/share/rosidl_generator_cpp/cmake)
[0.531s] -- Using all available rosidl_typesupport_c: rosidl_typesupport_fastrtps_c;rosidl_typesupport_introspection_c
[0.540s] -- Using all available rosidl_typesupport_cpp: rosidl_typesupport_fastrtps_cpp;rosidl_typesupport_introspection_cpp
[0.565s] -- Found rclcpp: 16.0.10 (/opt/ros/humble/share/rclcpp/cmake)
[0.586s] -- Found rmw_implementation_cmake: 6.1.2 (/opt/ros/humble/share/rmw_implementation_cmake/cmake)
[0.588s] -- Found rmw_fastrtps_cpp: 6.2.7 (/opt/ros/humble/share/rmw_fastrtps_cpp/cmake)
[0.658s] -- Found OpenSSL: /usr/lib/x86_64-linux-gnu/libcrypto.so (found version "3.0.2")  
[0.689s] -- Found FastRTPS: /opt/ros/humble/include  
[0.716s] -- Using RMW implementation 'rmw_fastrtps_cpp' as default
[0.720s] -- Looking for pthread.h
[0.789s] -- Looking for pthread.h - found
[0.789s] -- Performing Test CMAKE_HAVE_LIBC_PTHREAD
[0.874s] -- Performing Test CMAKE_HAVE_LIBC_PTHREAD - Success
[0.876s] -- Found Threads: TRUE  
[0.911s] -- Found rclpy: 3.3.14 (/opt/ros/humble/share/rclpy/cmake)
[0.912s] -- Found ament_lint_auto: 0.12.11 (/opt/ros/humble/share/ament_lint_auto/cmake)
[0.962s] -- Added test 'cppcheck' to perform static code analysis on C / C++ code
[0.962s] -- Configured cppcheck include dirs: 
[0.962s] -- Configured cppcheck exclude dirs and/or files: 
[0.962s] -- Added test 'flake8' to check Python code syntax and style conventions
[0.963s] -- Added test 'lint_cmake' to check CMake code style
[0.964s] -- Added test 'pep257' to check Python code against some of the docstring style conventions in PEP 257
[0.966s] -- Added test 'uncrustify' to check C / C++ code style
[0.966s] -- Configured uncrustify additional arguments: 
[0.966s] -- Added test 'xmllint' to check XML markup files
[0.967s] -- Configuring done
[0.973s] -- Generating done
[0.974s] -- Build files have been written to: /home/ubuntu22/lab1_ws/src/lab1_pkg/build/lab1_pkg
[0.981s] Invoked command in '/home/ubuntu22/lab1_ws/src/lab1_pkg/build/lab1_pkg' returned '0': CMAKE_PREFIX_PATH=${CMAKE_PREFIX_PATH}:/home/ubuntu22/sim_ws/install/f1tenth_gym_ros:/opt/ros/humble /usr/bin/cmake /home/ubuntu22/lab1_ws/src/lab1_pkg -DCMAKE_INSTALL_PREFIX=/home/ubuntu22/lab1_ws/src/lab1_pkg/install/lab1_pkg
[0.981s] Invoking command in '/home/ubuntu22/lab1_ws/src/lab1_pkg/build/lab1_pkg': CMAKE_PREFIX_PATH=${CMAKE_PREFIX_PATH}:/home/ubuntu22/sim_ws/install/f1tenth_gym_ros:/opt/ros/humble /usr/bin/cmake --build /home/ubuntu22/lab1_ws/src/lab1_pkg/build/lab1_pkg -- -j24 -l24
[1.030s] [ 25%] [32mBuilding CXX object CMakeFiles/listener.dir/src/listener.cpp.o[0m
[1.031s] [ 50%] [32mBuilding CXX object CMakeFiles/talker.dir/src/talker.cpp.o[0m
[3.823s] [ 75%] [32m[1mLinking CXX executable talker[0m
[3.940s] [ 75%] Built target talker
[6.150s] [100%] [32m[1mLinking CXX executable listener[0m
[6.386s] [100%] Built target listener
[6.396s] Invoked command in '/home/ubuntu22/lab1_ws/src/lab1_pkg/build/lab1_pkg' returned '0': CMAKE_PREFIX_PATH=${CMAKE_PREFIX_PATH}:/home/ubuntu22/sim_ws/install/f1tenth_gym_ros:/opt/ros/humble /usr/bin/cmake --build /home/ubuntu22/lab1_ws/src/lab1_pkg/build/lab1_pkg -- -j24 -l24
[6.435s] Invoking command in '/home/ubuntu22/lab1_ws/src/lab1_pkg/build/lab1_pkg': CMAKE_PREFIX_PATH=${CMAKE_PREFIX_PATH}:/home/ubuntu22/sim_ws/install/f1tenth_gym_ros:/opt/ros/humble /usr/bin/cmake --install /home/ubuntu22/lab1_ws/src/lab1_pkg/build/lab1_pkg
[6.444s] -- Install configuration: ""
[6.444s] -- Installing: /home/ubuntu22/lab1_ws/src/lab1_pkg/install/lab1_pkg/lib/lab1_pkg/talker
[6.445s] -- Set runtime path of "/home/ubuntu22/lab1_ws/src/lab1_pkg/install/lab1_pkg/lib/lab1_pkg/talker" to ""
[6.445s] -- Installing: /home/ubuntu22/lab1_ws/src/lab1_pkg/install/lab1_pkg/lib/lab1_pkg/listener
[6.448s] -- Set runtime path of "/home/ubuntu22/lab1_ws/src/lab1_pkg/install/lab1_pkg/lib/lab1_pkg/listener" to ""
[6.448s] -- Installing: /home/ubuntu22/lab1_ws/src/lab1_pkg/install/lab1_pkg/share/ament_index/resource_index/package_run_dependencies/lab1_pkg
[6.448s] -- Installing: /home/ubuntu22/lab1_ws/src/lab1_pkg/install/lab1_pkg/share/ament_index/resource_index/parent_prefix_path/lab1_pkg
[6.449s] -- Installing: /home/ubuntu22/lab1_ws/src/lab1_pkg/install/lab1_pkg/share/lab1_pkg/environment/ament_prefix_path.sh
[6.449s] -- Installing: /home/ubuntu22/lab1_ws/src/lab1_pkg/install/lab1_pkg/share/lab1_pkg/environment/ament_prefix_path.dsv
[6.449s] -- Installing: /home/ubuntu22/lab1_ws/src/lab1_pkg/install/lab1_pkg/share/lab1_pkg/environment/path.sh
[6.449s] -- Installing: /home/ubuntu22/lab1_ws/src/lab1_pkg/install/lab1_pkg/share/lab1_pkg/environment/path.dsv
[6.449s] -- Installing: /home/ubuntu22/lab1_ws/src/lab1_pkg/install/lab1_pkg/share/lab1_pkg/local_setup.bash
[6.449s] -- Installing: /home/ubuntu22/lab1_ws/src/lab1_pkg/install/lab1_pkg/share/lab1_pkg/local_setup.sh
[6.449s] -- Installing: /home/ubuntu22/lab1_ws/src/lab1_pkg/install/lab1_pkg/share/lab1_pkg/local_setup.zsh
[6.449s] -- Installing: /home/ubuntu22/lab1_ws/src/lab1_pkg/install/lab1_pkg/share/lab1_pkg/local_setup.dsv
[6.449s] -- Installing: /home/ubuntu22/lab1_ws/src/lab1_pkg/install/lab1_pkg/share/lab1_pkg/package.dsv
[6.449s] -- Installing: /home/ubuntu22/lab1_ws/src/lab1_pkg/install/lab1_pkg/share/ament_index/resource_index/packages/lab1_pkg
[6.449s] -- Installing: /home/ubuntu22/lab1_ws/src/lab1_pkg/install/lab1_pkg/share/lab1_pkg/cmake/lab1_pkgConfig.cmake
[6.449s] -- Installing: /home/ubuntu22/lab1_ws/src/lab1_pkg/install/lab1_pkg/share/lab1_pkg/cmake/lab1_pkgConfig-version.cmake
[6.450s] -- Installing: /home/ubuntu22/lab1_ws/src/lab1_pkg/install/lab1_pkg/share/lab1_pkg/package.xml
[6.452s] Invoked command in '/home/ubuntu22/lab1_ws/src/lab1_pkg/build/lab1_pkg' returned '0': CMAKE_PREFIX_PATH=${CMAKE_PREFIX_PATH}:/home/ubuntu22/sim_ws/install/f1tenth_gym_ros:/opt/ros/humble /usr/bin/cmake --install /home/ubuntu22/lab1_ws/src/lab1_pkg/build/lab1_pkg
