/home/pujit/lab1_ws/install/lab1_pkg/lib/python3.10/site-packages/lab1_pkg/relay.py
/home/pujit/lab1_ws/install/lab1_pkg/lib/python3.10/site-packages/lab1_pkg/__init__.py
/home/pujit/lab1_ws/install/lab1_pkg/lib/python3.10/site-packages/lab1_pkg/talker.py
/home/pujit/lab1_ws/install/lab1_pkg/lib/python3.10/site-packages/lab1_pkg/safety_node.py
/home/pujit/lab1_ws/install/lab1_pkg/lib/python3.10/site-packages/lab1_pkg/__pycache__/relay.cpython-310.pyc
/home/pujit/lab1_ws/install/lab1_pkg/lib/python3.10/site-packages/lab1_pkg/__pycache__/__init__.cpython-310.pyc
/home/pujit/lab1_ws/install/lab1_pkg/lib/python3.10/site-packages/lab1_pkg/__pycache__/talker.cpython-310.pyc
/home/pujit/lab1_ws/install/lab1_pkg/lib/python3.10/site-packages/lab1_pkg/__pycache__/safety_node.cpython-310.pyc
/home/pujit/lab1_ws/install/lab1_pkg/share/ament_index/resource_index/packages/lab1_pkg
/home/pujit/lab1_ws/install/lab1_pkg/share/lab1_pkg/package.xml
/home/pujit/lab1_ws/install/lab1_pkg/lib/python3.10/site-packages/lab1_pkg-0.0.1-py3.10.egg-info/SOURCES.txt
/home/pujit/lab1_ws/install/lab1_pkg/lib/python3.10/site-packages/lab1_pkg-0.0.1-py3.10.egg-info/entry_points.txt
/home/pujit/lab1_ws/install/lab1_pkg/lib/python3.10/site-packages/lab1_pkg-0.0.1-py3.10.egg-info/requires.txt
/home/pujit/lab1_ws/install/lab1_pkg/lib/python3.10/site-packages/lab1_pkg-0.0.1-py3.10.egg-info/zip-safe
/home/pujit/lab1_ws/install/lab1_pkg/lib/python3.10/site-packages/lab1_pkg-0.0.1-py3.10.egg-info/top_level.txt
/home/pujit/lab1_ws/install/lab1_pkg/lib/python3.10/site-packages/lab1_pkg-0.0.1-py3.10.egg-info/dependency_links.txt
/home/pujit/lab1_ws/install/lab1_pkg/lib/python3.10/site-packages/lab1_pkg-0.0.1-py3.10.egg-info/PKG-INFO
/home/pujit/lab1_ws/install/lab1_pkg/lib/lab1_pkg/relay
/home/pujit/lab1_ws/install/lab1_pkg/lib/lab1_pkg/safety_node
/home/pujit/lab1_ws/install/lab1_pkg/lib/lab1_pkg/talker
