[0.121s] DEBUG:colcon:Command line arguments: ['/usr/bin/colcon', 'list', '-p', '--base-paths', '/home/keshav/lab1_ws/src/lab1_pkg/src']
[0.122s] DEBUG:colcon:Parsed command line arguments: Namespace(allow_overriding=[], base_paths=['/home/keshav/lab1_ws/src/lab1_pkg/src'], build_base='build', ignore_user_meta=False, log_base=None, log_level=None, main=<bound method ListVerb.main of <colcon_package_information.verb.list.ListVerb object at 0x7fd2e0c53280>>, metas=['./colcon.meta'], mixin=None, mixin_files=None, mixin_verb=('list',), names_only=False, packages_above=None, packages_above_and_dependencies=None, packages_above_depth=None, packages_end=None, packages_ignore=None, packages_ignore_regex=None, packages_select=None, packages_select_build_failed=False, packages_select_by_dep=None, packages_select_regex=None, packages_select_test_failures=False, packages_skip=None, packages_skip_build_finished=False, packages_skip_by_dep=None, packages_skip_regex=None, packages_skip_test_passed=False, packages_skip_up_to=None, packages_start=None, packages_up_to=None, packages_up_to_regex=None, paths=None, paths_only=True, topological_graph=False, topological_graph_density=False, topological_graph_dot=False, topological_graph_dot_cluster=False, topological_graph_dot_include_skipped=False, topological_graph_legend=False, topological_order=False, verb_extension=<colcon_package_information.verb.list.ListVerb object at 0x7fd2e0c53280>, verb_name='list', verb_parser=<colcon_mixin.mixin.mixin_argument.MixinArgumentDecorator object at 0x7fd2e0b99c70>)
[0.254s] Level 1:colcon.colcon_core.package_discovery:discover_packages(colcon_meta) check parameters
[0.255s] Level 1:colcon.colcon_core.package_discovery:discover_packages(recursive) check parameters
[0.255s] Level 1:colcon.colcon_core.package_discovery:discover_packages(ignore) check parameters
[0.255s] Level 1:colcon.colcon_core.package_discovery:discover_packages(path) check parameters
[0.255s] Level 1:colcon.colcon_core.package_discovery:discover_packages(recursive) discover
[0.255s] INFO:colcon.colcon_core.package_discovery:Crawling recursively for packages in '/home/keshav/lab1_ws/src/lab1_pkg/src'
[0.255s] Level 1:colcon.colcon_core.package_identification:_identify(/home/keshav/lab1_ws/src/lab1_pkg/src) by extensions ['ignore', 'ignore_ament_install']
[0.256s] Level 1:colcon.colcon_core.package_identification:_identify(/home/keshav/lab1_ws/src/lab1_pkg/src) by extension 'ignore'
[0.256s] Level 1:colcon.colcon_core.package_identification:_identify(/home/keshav/lab1_ws/src/lab1_pkg/src) by extension 'ignore_ament_install'
[0.256s] Level 1:colcon.colcon_core.package_identification:_identify(/home/keshav/lab1_ws/src/lab1_pkg/src) by extensions ['colcon_pkg']
[0.256s] Level 1:colcon.colcon_core.package_identification:_identify(/home/keshav/lab1_ws/src/lab1_pkg/src) by extension 'colcon_pkg'
[0.256s] Level 1:colcon.colcon_core.package_identification:_identify(/home/keshav/lab1_ws/src/lab1_pkg/src) by extensions ['colcon_meta']
[0.256s] Level 1:colcon.colcon_core.package_identification:_identify(/home/keshav/lab1_ws/src/lab1_pkg/src) by extension 'colcon_meta'
[0.256s] Level 1:colcon.colcon_core.package_identification:_identify(/home/keshav/lab1_ws/src/lab1_pkg/src) by extensions ['ros']
[0.256s] Level 1:colcon.colcon_core.package_identification:_identify(/home/keshav/lab1_ws/src/lab1_pkg/src) by extension 'ros'
[0.268s] Level 1:colcon.colcon_core.package_identification:_identify(/home/keshav/lab1_ws/src/lab1_pkg/src) by extensions ['cmake', 'python']
[0.268s] Level 1:colcon.colcon_core.package_identification:_identify(/home/keshav/lab1_ws/src/lab1_pkg/src) by extension 'cmake'
[0.268s] Level 1:colcon.colcon_core.package_identification:_identify(/home/keshav/lab1_ws/src/lab1_pkg/src) by extension 'python'
[0.268s] Level 1:colcon.colcon_core.package_identification:_identify(/home/keshav/lab1_ws/src/lab1_pkg/src) by extensions ['python_setup_py']
[0.268s] Level 1:colcon.colcon_core.package_identification:_identify(/home/keshav/lab1_ws/src/lab1_pkg/src) by extension 'python_setup_py'
[0.269s] Level 1:colcon.colcon_core.package_identification:_identify(/home/keshav/lab1_ws/src/lab1_pkg/src/log) by extensions ['ignore', 'ignore_ament_install']
[0.269s] Level 1:colcon.colcon_core.package_identification:_identify(/home/keshav/lab1_ws/src/lab1_pkg/src/log) by extension 'ignore'
[0.269s] Level 1:colcon.colcon_core.package_identification:_identify(/home/keshav/lab1_ws/src/lab1_pkg/src/log) ignored
[0.269s] Level 1:colcon.colcon_core.package_discovery:discover_packages(recursive) using defaults
