[0.351s] Invoking command in '/home/khushi/ros2_ws/src/lab1_pkg': PYTHONPATH=/home/khushi/ros2_ws/build/lab1_pkg/prefix_override:/usr/lib/python3/dist-packages/colcon_core/task/python/colcon_distutils_commands:/home/khushi/ros2_ws/install/lab1_pkg/lib/python3.10/site-packages:${PYTHONPATH} /usr/bin/python3 -W ignore:setup.py install is deprecated setup.py egg_info --egg-base ../../build/lab1_pkg build --build-base /home/khushi/ros2_ws/build/lab1_pkg/build install --record /home/khushi/ros2_ws/build/lab1_pkg/install.log --single-version-externally-managed install_data
[0.462s] running egg_info
[0.463s] creating ../../build/lab1_pkg/lab1_pkg.egg-info
[0.463s] writing ../../build/lab1_pkg/lab1_pkg.egg-info/PKG-INFO
[0.463s] writing dependency_links to ../../build/lab1_pkg/lab1_pkg.egg-info/dependency_links.txt
[0.463s] writing entry points to ../../build/lab1_pkg/lab1_pkg.egg-info/entry_points.txt
[0.463s] writing requirements to ../../build/lab1_pkg/lab1_pkg.egg-info/requires.txt
[0.463s] writing top-level names to ../../build/lab1_pkg/lab1_pkg.egg-info/top_level.txt
[0.463s] writing manifest file '../../build/lab1_pkg/lab1_pkg.egg-info/SOURCES.txt'
[0.464s] reading manifest file '../../build/lab1_pkg/lab1_pkg.egg-info/SOURCES.txt'
[0.464s] writing manifest file '../../build/lab1_pkg/lab1_pkg.egg-info/SOURCES.txt'
[0.465s] running build
[0.465s] running build_py
[0.465s] creating /home/khushi/ros2_ws/build/lab1_pkg/build
[0.465s] creating /home/khushi/ros2_ws/build/lab1_pkg/build/lib
[0.465s] creating /home/khushi/ros2_ws/build/lab1_pkg/build/lib/lab1_pkg
[0.465s] copying lab1_pkg/__init__.py -> /home/khushi/ros2_ws/build/lab1_pkg/build/lib/lab1_pkg
[0.465s] running install
[0.465s] running install_lib
[0.465s] creating /home/khushi/ros2_ws/install/lab1_pkg/lib/python3.10/site-packages/lab1_pkg
[0.465s] copying /home/khushi/ros2_ws/build/lab1_pkg/build/lib/lab1_pkg/__init__.py -> /home/khushi/ros2_ws/install/lab1_pkg/lib/python3.10/site-packages/lab1_pkg
[0.466s] byte-compiling /home/khushi/ros2_ws/install/lab1_pkg/lib/python3.10/site-packages/lab1_pkg/__init__.py to __init__.cpython-310.pyc
[0.466s] running install_data
[0.466s] creating /home/khushi/ros2_ws/install/lab1_pkg/share/ament_index
[0.466s] creating /home/khushi/ros2_ws/install/lab1_pkg/share/ament_index/resource_index
[0.466s] creating /home/khushi/ros2_ws/install/lab1_pkg/share/ament_index/resource_index/packages
[0.466s] copying resource/lab1_pkg -> /home/khushi/ros2_ws/install/lab1_pkg/share/ament_index/resource_index/packages
[0.466s] copying package.xml -> /home/khushi/ros2_ws/install/lab1_pkg/share/lab1_pkg
[0.466s] running install_egg_info
[0.467s] Copying ../../build/lab1_pkg/lab1_pkg.egg-info to /home/khushi/ros2_ws/install/lab1_pkg/lib/python3.10/site-packages/lab1_pkg-0.0.0-py3.10.egg-info
[0.468s] running install_scripts
[0.477s] Installing relay script to /home/khushi/ros2_ws/install/lab1_pkg/lib/lab1_pkg
[0.478s] Installing talker script to /home/khushi/ros2_ws/install/lab1_pkg/lib/lab1_pkg
[0.478s] writing list of installed files to '/home/khushi/ros2_ws/build/lab1_pkg/install.log'
[0.491s] Invoked command in '/home/khushi/ros2_ws/src/lab1_pkg' returned '0': PYTHONPATH=/home/khushi/ros2_ws/build/lab1_pkg/prefix_override:/usr/lib/python3/dist-packages/colcon_core/task/python/colcon_distutils_commands:/home/khushi/ros2_ws/install/lab1_pkg/lib/python3.10/site-packages:${PYTHONPATH} /usr/bin/python3 -W ignore:setup.py install is deprecated setup.py egg_info --egg-base ../../build/lab1_pkg build --build-base /home/khushi/ros2_ws/build/lab1_pkg/build install --record /home/khushi/ros2_ws/build/lab1_pkg/install.log --single-version-externally-managed install_data
