-- The C compiler identification is GNU 11.4.0
-- The CXX compiler identification is GNU 11.4.0
-- Detecting C compiler ABI info
-- Detecting C compiler ABI info - done
-- Check for working C compiler: /usr/bin/cc - skipped
-- Detecting C compile features
-- Detecting C compile features - done
-- Detecting CXX compiler ABI info
-- Detecting CXX compiler ABI info - done
-- Check for working CXX compiler: /usr/bin/c++ - skipped
-- Detecting CXX compile features
-- Detecting CXX compile features - done
-- Found ament_cmake: 1.3.10 (/opt/ros/humble/share/ament_cmake/cmake)
-- Found Python3: /usr/bin/python3 (found version "3.10.12") found components: Interpreter 
-- Found ackermann_msgs: 2.0.2 (/opt/ros/humble/share/ackermann_msgs/cmake)
-- Found rosidl_generator_c: 3.1.5 (/opt/ros/humble/share/rosidl_generator_c/cmake)
-- Found rosidl_adapter: 3.1.5 (/opt/ros/humble/share/rosidl_adapter/cmake)
-- Found rosidl_generator_cpp: 3.1.5 (/opt/ros/humble/share/rosidl_generator_cpp/cmake)
-- Using all available rosidl_typesupport_c: rosidl_typesupport_fastrtps_c;rosidl_typesupport_introspection_c
-- Using all available rosidl_typesupport_cpp: rosidl_typesupport_fastrtps_cpp;rosidl_typesupport_introspection_cpp
-- Found rclcpp: 16.0.10 (/opt/ros/humble/share/rclcpp/cmake)
-- Found rmw_implementation_cmake: 6.1.2 (/opt/ros/humble/share/rmw_implementation_cmake/cmake)
-- Found rmw_fastrtps_cpp: 6.2.7 (/opt/ros/humble/share/rmw_fastrtps_cpp/cmake)
-- Found OpenSSL: /usr/lib/x86_64-linux-gnu/libcrypto.so (found version "3.0.2")  
-- Found FastRTPS: /opt/ros/humble/include  
-- Using RMW implementation 'rmw_fastrtps_cpp' as default
-- Looking for pthread.h
-- Looking for pthread.h - found
-- Performing Test CMAKE_HAVE_LIBC_PTHREAD
-- Performing Test CMAKE_HAVE_LIBC_PTHREAD - Success
-- Found Threads: TRUE  
-- Configuring done
-- Generating done
-- Build files have been written to: /home/ubuntu22/lab1_ws/build/lab1_pkg
[ 25%] [32mBuilding CXX object CMakeFiles/talker.dir/src/talker.cpp.o[0m
[ 50%] [32mBuilding CXX object CMakeFiles/relay.dir/src/relay.cpp.o[0m
[ 75%] [32m[1mLinking CXX executable talker[0m
[ 75%] Built target talker
[100%] [32m[1mLinking CXX executable relay[0m
[100%] Built target relay
-- Install configuration: ""
-- Installing: /home/ubuntu22/lab1_ws/install/lab1_pkg/lib/lab1_pkg/talker
-- Set runtime path of "/home/ubuntu22/lab1_ws/install/lab1_pkg/lib/lab1_pkg/talker" to ""
-- Installing: /home/ubuntu22/lab1_ws/install/lab1_pkg/lib/lab1_pkg/relay
-- Set runtime path of "/home/ubuntu22/lab1_ws/install/lab1_pkg/lib/lab1_pkg/relay" to ""
-- Installing: /home/ubuntu22/lab1_ws/install/lab1_pkg/share/ament_index/resource_index/package_run_dependencies/lab1_pkg
-- Installing: /home/ubuntu22/lab1_ws/install/lab1_pkg/share/ament_index/resource_index/parent_prefix_path/lab1_pkg
-- Installing: /home/ubuntu22/lab1_ws/install/lab1_pkg/share/lab1_pkg/environment/ament_prefix_path.sh
-- Installing: /home/ubuntu22/lab1_ws/install/lab1_pkg/share/lab1_pkg/environment/ament_prefix_path.dsv
-- Installing: /home/ubuntu22/lab1_ws/install/lab1_pkg/share/lab1_pkg/environment/path.sh
-- Installing: /home/ubuntu22/lab1_ws/install/lab1_pkg/share/lab1_pkg/environment/path.dsv
-- Installing: /home/ubuntu22/lab1_ws/install/lab1_pkg/share/lab1_pkg/local_setup.bash
-- Installing: /home/ubuntu22/lab1_ws/install/lab1_pkg/share/lab1_pkg/local_setup.sh
-- Installing: /home/ubuntu22/lab1_ws/install/lab1_pkg/share/lab1_pkg/local_setup.zsh
-- Installing: /home/ubuntu22/lab1_ws/install/lab1_pkg/share/lab1_pkg/local_setup.dsv
-- Installing: /home/ubuntu22/lab1_ws/install/lab1_pkg/share/lab1_pkg/package.dsv
-- Installing: /home/ubuntu22/lab1_ws/install/lab1_pkg/share/ament_index/resource_index/packages/lab1_pkg
-- Installing: /home/ubuntu22/lab1_ws/install/lab1_pkg/share/lab1_pkg/cmake/lab1_pkgConfig.cmake
-- Installing: /home/ubuntu22/lab1_ws/install/lab1_pkg/share/lab1_pkg/cmake/lab1_pkgConfig-version.cmake
-- Installing: /home/ubuntu22/lab1_ws/install/lab1_pkg/share/lab1_pkg/package.xml
