[0.007s] Invoking command in '/home/ubuntu22/lab1_ws/build/lab1_pkg': CMAKE_PREFIX_PATH=${CMAKE_PREFIX_PATH}:/home/ubuntu22/sim_ws/install/f1tenth_gym_ros:/opt/ros/humble /usr/bin/cmake /home/ubuntu22/lab1_ws/src/lab1_pkg -DCMAKE_INSTALL_PREFIX=/home/ubuntu22/lab1_ws/install/lab1_pkg
[0.055s] -- The C compiler identification is GNU 11.4.0
[0.103s] -- The CXX compiler identification is GNU 11.4.0
[0.109s] -- Detecting C compiler ABI info
[0.191s] -- Detecting C compiler ABI info - done
[0.197s] -- Check for working C compiler: /usr/bin/cc - skipped
[0.197s] -- Detecting C compile features
[0.198s] -- Detecting C compile features - done
[0.201s] -- Detecting CXX compiler ABI info
[0.285s] -- Detecting CXX compiler ABI info - done
[0.290s] -- Check for working CXX compiler: /usr/bin/c++ - skipped
[0.290s] -- Detecting CXX compile features
[0.291s] -- Detecting CXX compile features - done
[0.292s] -- Found ament_cmake: 1.3.10 (/opt/ros/humble/share/ament_cmake/cmake)
[0.418s] -- Found Python3: /usr/bin/python3 (found version "3.10.12") found components: Interpreter 
[0.471s] -- Found ackermann_msgs: 2.0.2 (/opt/ros/humble/share/ackermann_msgs/cmake)
[0.493s] -- Found rosidl_generator_c: 3.1.5 (/opt/ros/humble/share/rosidl_generator_c/cmake)
[0.496s] -- Found rosidl_adapter: 3.1.5 (/opt/ros/humble/share/rosidl_adapter/cmake)
[0.500s] -- Found rosidl_generator_cpp: 3.1.5 (/opt/ros/humble/share/rosidl_generator_cpp/cmake)
[0.508s] -- Using all available rosidl_typesupport_c: rosidl_typesupport_fastrtps_c;rosidl_typesupport_introspection_c
[0.517s] -- Using all available rosidl_typesupport_cpp: rosidl_typesupport_fastrtps_cpp;rosidl_typesupport_introspection_cpp
[0.541s] -- Found rclcpp: 16.0.10 (/opt/ros/humble/share/rclcpp/cmake)
[0.563s] -- Found rmw_implementation_cmake: 6.1.2 (/opt/ros/humble/share/rmw_implementation_cmake/cmake)
[0.564s] -- Found rmw_fastrtps_cpp: 6.2.7 (/opt/ros/humble/share/rmw_fastrtps_cpp/cmake)
[0.637s] -- Found OpenSSL: /usr/lib/x86_64-linux-gnu/libcrypto.so (found version "3.0.2")  
[0.661s] -- Found FastRTPS: /opt/ros/humble/include  
[0.687s] -- Using RMW implementation 'rmw_fastrtps_cpp' as default
[0.692s] -- Looking for pthread.h
[0.769s] -- Looking for pthread.h - found
[0.770s] -- Performing Test CMAKE_HAVE_LIBC_PTHREAD
[0.855s] -- Performing Test CMAKE_HAVE_LIBC_PTHREAD - Success
[0.856s] -- Found Threads: TRUE  
[0.932s] -- Configuring done
[0.939s] -- Generating done
[0.940s] -- Build files have been written to: /home/ubuntu22/lab1_ws/build/lab1_pkg
[0.946s] Invoked command in '/home/ubuntu22/lab1_ws/build/lab1_pkg' returned '0': CMAKE_PREFIX_PATH=${CMAKE_PREFIX_PATH}:/home/ubuntu22/sim_ws/install/f1tenth_gym_ros:/opt/ros/humble /usr/bin/cmake /home/ubuntu22/lab1_ws/src/lab1_pkg -DCMAKE_INSTALL_PREFIX=/home/ubuntu22/lab1_ws/install/lab1_pkg
[0.947s] Invoking command in '/home/ubuntu22/lab1_ws/build/lab1_pkg': CMAKE_PREFIX_PATH=${CMAKE_PREFIX_PATH}:/home/ubuntu22/sim_ws/install/f1tenth_gym_ros:/opt/ros/humble /usr/bin/cmake --build /home/ubuntu22/lab1_ws/build/lab1_pkg -- -j24 -l24
[1.000s] [ 25%] [32mBuilding CXX object CMakeFiles/talker.dir/src/talker.cpp.o[0m
[1.000s] [ 50%] [32mBuilding CXX object CMakeFiles/relay.dir/src/relay.cpp.o[0m
[3.813s] [ 75%] [32m[1mLinking CXX executable talker[0m
[3.937s] [ 75%] Built target talker
[6.228s] [100%] [32m[1mLinking CXX executable relay[0m
[6.485s] [100%] Built target relay
[6.496s] Invoked command in '/home/ubuntu22/lab1_ws/build/lab1_pkg' returned '0': CMAKE_PREFIX_PATH=${CMAKE_PREFIX_PATH}:/home/ubuntu22/sim_ws/install/f1tenth_gym_ros:/opt/ros/humble /usr/bin/cmake --build /home/ubuntu22/lab1_ws/build/lab1_pkg -- -j24 -l24
[6.539s] Invoking command in '/home/ubuntu22/lab1_ws/build/lab1_pkg': CMAKE_PREFIX_PATH=${CMAKE_PREFIX_PATH}:/home/ubuntu22/sim_ws/install/f1tenth_gym_ros:/opt/ros/humble /usr/bin/cmake --install /home/ubuntu22/lab1_ws/build/lab1_pkg
[6.547s] -- Install configuration: ""
[6.547s] -- Installing: /home/ubuntu22/lab1_ws/install/lab1_pkg/lib/lab1_pkg/talker
[6.548s] -- Set runtime path of "/home/ubuntu22/lab1_ws/install/lab1_pkg/lib/lab1_pkg/talker" to ""
[6.549s] -- Installing: /home/ubuntu22/lab1_ws/install/lab1_pkg/lib/lab1_pkg/relay
[6.552s] -- Set runtime path of "/home/ubuntu22/lab1_ws/install/lab1_pkg/lib/lab1_pkg/relay" to ""
[6.552s] -- Installing: /home/ubuntu22/lab1_ws/install/lab1_pkg/share/ament_index/resource_index/package_run_dependencies/lab1_pkg
[6.552s] -- Installing: /home/ubuntu22/lab1_ws/install/lab1_pkg/share/ament_index/resource_index/parent_prefix_path/lab1_pkg
[6.553s] -- Installing: /home/ubuntu22/lab1_ws/install/lab1_pkg/share/lab1_pkg/environment/ament_prefix_path.sh
[6.553s] -- Installing: /home/ubuntu22/lab1_ws/install/lab1_pkg/share/lab1_pkg/environment/ament_prefix_path.dsv
[6.553s] -- Installing: /home/ubuntu22/lab1_ws/install/lab1_pkg/share/lab1_pkg/environment/path.sh
[6.553s] -- Installing: /home/ubuntu22/lab1_ws/install/lab1_pkg/share/lab1_pkg/environment/path.dsv
[6.553s] -- Installing: /home/ubuntu22/lab1_ws/install/lab1_pkg/share/lab1_pkg/local_setup.bash
[6.553s] -- Installing: /home/ubuntu22/lab1_ws/install/lab1_pkg/share/lab1_pkg/local_setup.sh
[6.553s] -- Installing: /home/ubuntu22/lab1_ws/install/lab1_pkg/share/lab1_pkg/local_setup.zsh
[6.553s] -- Installing: /home/ubuntu22/lab1_ws/install/lab1_pkg/share/lab1_pkg/local_setup.dsv
[6.553s] -- Installing: /home/ubuntu22/lab1_ws/install/lab1_pkg/share/lab1_pkg/package.dsv
[6.553s] -- Installing: /home/ubuntu22/lab1_ws/install/lab1_pkg/share/ament_index/resource_index/packages/lab1_pkg
[6.554s] -- Installing: /home/ubuntu22/lab1_ws/install/lab1_pkg/share/lab1_pkg/cmake/lab1_pkgConfig.cmake
[6.554s] -- Installing: /home/ubuntu22/lab1_ws/install/lab1_pkg/share/lab1_pkg/cmake/lab1_pkgConfig-version.cmake
[6.554s] -- Installing: /home/ubuntu22/lab1_ws/install/lab1_pkg/share/lab1_pkg/package.xml
[6.556s] Invoked command in '/home/ubuntu22/lab1_ws/build/lab1_pkg' returned '0': CMAKE_PREFIX_PATH=${CMAKE_PREFIX_PATH}:/home/ubuntu22/sim_ws/install/f1tenth_gym_ros:/opt/ros/humble /usr/bin/cmake --install /home/ubuntu22/lab1_ws/build/lab1_pkg
