[0.433s] Invoking command in '/home/khushi/ros2_ws/lab2_pkg': PYTHONPATH=/home/khushi/ros2_ws/build/lab2_pkg/prefix_override:/usr/lib/python3/dist-packages/colcon_core/task/python/colcon_distutils_commands:/home/khushi/ros2_ws/install/lab2_pkg/lib/python3.10/site-packages:${PYTHONPATH} /usr/bin/python3 -W ignore:setup.py install is deprecated setup.py egg_info --egg-base ../build/lab2_pkg build --build-base /home/khushi/ros2_ws/build/lab2_pkg/build install --record /home/khushi/ros2_ws/build/lab2_pkg/install.log --single-version-externally-managed install_data
[0.546s] running egg_info
[0.546s] creating ../build/lab2_pkg/lab2_pkg.egg-info
[0.546s] writing ../build/lab2_pkg/lab2_pkg.egg-info/PKG-INFO
[0.546s] writing dependency_links to ../build/lab2_pkg/lab2_pkg.egg-info/dependency_links.txt
[0.546s] writing entry points to ../build/lab2_pkg/lab2_pkg.egg-info/entry_points.txt
[0.546s] writing requirements to ../build/lab2_pkg/lab2_pkg.egg-info/requires.txt
[0.546s] writing top-level names to ../build/lab2_pkg/lab2_pkg.egg-info/top_level.txt
[0.546s] writing manifest file '../build/lab2_pkg/lab2_pkg.egg-info/SOURCES.txt'
[0.547s] reading manifest file '../build/lab2_pkg/lab2_pkg.egg-info/SOURCES.txt'
[0.548s] writing manifest file '../build/lab2_pkg/lab2_pkg.egg-info/SOURCES.txt'
[0.548s] running build
[0.548s] running build_py
[0.548s] creating /home/khushi/ros2_ws/build/lab2_pkg/build
[0.549s] creating /home/khushi/ros2_ws/build/lab2_pkg/build/lib
[0.549s] creating /home/khushi/ros2_ws/build/lab2_pkg/build/lib/lab2_pkg
[0.549s] copying lab2_pkg/__init__.py -> /home/khushi/ros2_ws/build/lab2_pkg/build/lib/lab2_pkg
[0.549s] running install
[0.549s] running install_lib
[0.549s] creating /home/khushi/ros2_ws/install/lab2_pkg/lib/python3.10/site-packages/lab2_pkg
[0.549s] copying /home/khushi/ros2_ws/build/lab2_pkg/build/lib/lab2_pkg/__init__.py -> /home/khushi/ros2_ws/install/lab2_pkg/lib/python3.10/site-packages/lab2_pkg
[0.549s] byte-compiling /home/khushi/ros2_ws/install/lab2_pkg/lib/python3.10/site-packages/lab2_pkg/__init__.py to __init__.cpython-310.pyc
[0.549s] running install_data
[0.549s] creating /home/khushi/ros2_ws/install/lab2_pkg/share/ament_index
[0.549s] creating /home/khushi/ros2_ws/install/lab2_pkg/share/ament_index/resource_index
[0.550s] creating /home/khushi/ros2_ws/install/lab2_pkg/share/ament_index/resource_index/packages
[0.550s] copying resource/lab2_pkg -> /home/khushi/ros2_ws/install/lab2_pkg/share/ament_index/resource_index/packages
[0.550s] copying package.xml -> /home/khushi/ros2_ws/install/lab2_pkg/share/lab2_pkg
[0.550s] running install_egg_info
[0.551s] Copying ../build/lab2_pkg/lab2_pkg.egg-info to /home/khushi/ros2_ws/install/lab2_pkg/lib/python3.10/site-packages/lab2_pkg-0.0.0-py3.10.egg-info
[0.551s] running install_scripts
[0.561s] writing list of installed files to '/home/khushi/ros2_ws/build/lab2_pkg/install.log'
[0.582s] Invoked command in '/home/khushi/ros2_ws/lab2_pkg' returned '0': PYTHONPATH=/home/khushi/ros2_ws/build/lab2_pkg/prefix_override:/usr/lib/python3/dist-packages/colcon_core/task/python/colcon_distutils_commands:/home/khushi/ros2_ws/install/lab2_pkg/lib/python3.10/site-packages:${PYTHONPATH} /usr/bin/python3 -W ignore:setup.py install is deprecated setup.py egg_info --egg-base ../build/lab2_pkg build --build-base /home/khushi/ros2_ws/build/lab2_pkg/build install --record /home/khushi/ros2_ws/build/lab2_pkg/install.log --single-version-externally-managed install_data
