[0.006s] Invoking command in '/home/utkarsh/lab1_ws/build/lab1_pkg': CMAKE_PREFIX_PATH=${CMAKE_PREFIX_PATH}:/opt/ros/humble /usr/bin/cmake --build /home/utkarsh/lab1_ws/build/lab1_pkg -- -j12 -l12
[0.035s] Invoked command in '/home/utkarsh/lab1_ws/build/lab1_pkg' returned '0': CMAKE_PREFIX_PATH=${CMAKE_PREFIX_PATH}:/opt/ros/humble /usr/bin/cmake --build /home/utkarsh/lab1_ws/build/lab1_pkg -- -j12 -l12
[0.063s] Invoking command in '/home/utkarsh/lab1_ws/build/lab1_pkg': CMAKE_PREFIX_PATH=${CMAKE_PREFIX_PATH}:/opt/ros/humble /usr/bin/cmake --install /home/utkarsh/lab1_ws/build/lab1_pkg
[0.070s] -- Install configuration: ""
[0.070s] -- Up-to-date: /home/utkarsh/lab1_ws/install/lab1_pkg/share/ament_index/resource_index/package_run_dependencies/lab1_pkg
[0.070s] -- Up-to-date: /home/utkarsh/lab1_ws/install/lab1_pkg/share/ament_index/resource_index/parent_prefix_path/lab1_pkg
[0.070s] -- Up-to-date: /home/utkarsh/lab1_ws/install/lab1_pkg/share/lab1_pkg/environment/ament_prefix_path.sh
[0.070s] -- Up-to-date: /home/utkarsh/lab1_ws/install/lab1_pkg/share/lab1_pkg/environment/ament_prefix_path.dsv
[0.070s] -- Up-to-date: /home/utkarsh/lab1_ws/install/lab1_pkg/share/lab1_pkg/environment/path.sh
[0.070s] -- Up-to-date: /home/utkarsh/lab1_ws/install/lab1_pkg/share/lab1_pkg/environment/path.dsv
[0.070s] -- Up-to-date: /home/utkarsh/lab1_ws/install/lab1_pkg/share/lab1_pkg/local_setup.bash
[0.070s] -- Up-to-date: /home/utkarsh/lab1_ws/install/lab1_pkg/share/lab1_pkg/local_setup.sh
[0.070s] -- Up-to-date: /home/utkarsh/lab1_ws/install/lab1_pkg/share/lab1_pkg/local_setup.zsh
[0.070s] -- Up-to-date: /home/utkarsh/lab1_ws/install/lab1_pkg/share/lab1_pkg/local_setup.dsv
[0.070s] -- Up-to-date: /home/utkarsh/lab1_ws/install/lab1_pkg/share/lab1_pkg/package.dsv
[0.070s] -- Up-to-date: /home/utkarsh/lab1_ws/install/lab1_pkg/share/ament_index/resource_index/packages/lab1_pkg
[0.070s] -- Up-to-date: /home/utkarsh/lab1_ws/install/lab1_pkg/share/lab1_pkg/cmake/lab1_pkgConfig.cmake
[0.070s] -- Up-to-date: /home/utkarsh/lab1_ws/install/lab1_pkg/share/lab1_pkg/cmake/lab1_pkgConfig-version.cmake
[0.070s] -- Up-to-date: /home/utkarsh/lab1_ws/install/lab1_pkg/share/lab1_pkg/package.xml
[0.071s] Invoked command in '/home/utkarsh/lab1_ws/build/lab1_pkg' returned '0': CMAKE_PREFIX_PATH=${CMAKE_PREFIX_PATH}:/opt/ros/humble /usr/bin/cmake --install /home/utkarsh/lab1_ws/build/lab1_pkg
