running egg_info
writing ../../build/lab1_pkg/lab1_pkg.egg-info/PKG-INFO
writing dependency_links to ../../build/lab1_pkg/lab1_pkg.egg-info/dependency_links.txt
writing entry points to ../../build/lab1_pkg/lab1_pkg.egg-info/entry_points.txt
writing requirements to ../../build/lab1_pkg/lab1_pkg.egg-info/requires.txt
writing top-level names to ../../build/lab1_pkg/lab1_pkg.egg-info/top_level.txt
reading manifest file '../../build/lab1_pkg/lab1_pkg.egg-info/SOURCES.txt'
writing manifest file '../../build/lab1_pkg/lab1_pkg.egg-info/SOURCES.txt'
running build
running build_py
creating /home/khushi/ros2_ws/build/lab1_pkg/build/lib/scripts
copying scripts/relay.py -> /home/khushi/ros2_ws/build/lab1_pkg/build/lib/scripts
copying scripts/__init__.py -> /home/khushi/ros2_ws/build/lab1_pkg/build/lib/scripts
copying scripts/talker.py -> /home/khushi/ros2_ws/build/lab1_pkg/build/lib/scripts
running install
running install_lib
creating /home/khushi/ros2_ws/install/lab1_pkg/lib/python3.10/site-packages/scripts
copying /home/khushi/ros2_ws/build/lab1_pkg/build/lib/scripts/relay.py -> /home/khushi/ros2_ws/install/lab1_pkg/lib/python3.10/site-packages/scripts
copying /home/khushi/ros2_ws/build/lab1_pkg/build/lib/scripts/__init__.py -> /home/khushi/ros2_ws/install/lab1_pkg/lib/python3.10/site-packages/scripts
copying /home/khushi/ros2_ws/build/lab1_pkg/build/lib/scripts/talker.py -> /home/khushi/ros2_ws/install/lab1_pkg/lib/python3.10/site-packages/scripts
byte-compiling /home/khushi/ros2_ws/install/lab1_pkg/lib/python3.10/site-packages/scripts/relay.py to relay.cpython-310.pyc
byte-compiling /home/khushi/ros2_ws/install/lab1_pkg/lib/python3.10/site-packages/scripts/__init__.py to __init__.cpython-310.pyc
byte-compiling /home/khushi/ros2_ws/install/lab1_pkg/lib/python3.10/site-packages/scripts/talker.py to talker.cpython-310.pyc
running install_data
running install_egg_info
removing '/home/khushi/ros2_ws/install/lab1_pkg/lib/python3.10/site-packages/lab1_pkg-0.0.0-py3.10.egg-info' (and everything under it)
Copying ../../build/lab1_pkg/lab1_pkg.egg-info to /home/khushi/ros2_ws/install/lab1_pkg/lib/python3.10/site-packages/lab1_pkg-0.0.0-py3.10.egg-info
running install_scripts
Installing relay script to /home/khushi/ros2_ws/install/lab1_pkg/bin
Installing talker script to /home/khushi/ros2_ws/install/lab1_pkg/bin
writing list of installed files to '/home/khushi/ros2_ws/build/lab1_pkg/install.log'
