[0.010s] Invoking command in '/home/keshav/lab1_ws/build/lab1_pkg': CMAKE_PREFIX_PATH=${CMAKE_PREFIX_PATH}:/opt/ros/foxy:/home/keshav/sim_ws/install/f1tenth_gym_ros /usr/bin/cmake --build /home/keshav/lab1_ws/build/lab1_pkg -- -j16 -l16
[0.026s] -- Found ament_cmake: 0.9.12 (/opt/ros/foxy/share/ament_cmake/cmake)
[0.040s] -- Using PYTHON_EXECUTABLE: /usr/bin/python3
[0.139s] -- Found rclcpp: 2.4.3 (/opt/ros/foxy/share/rclcpp/cmake)
[0.158s] -- Using all available rosidl_typesupport_c: rosidl_typesupport_fastrtps_c;rosidl_typesupport_introspection_c
[0.160s] -- Found rosidl_adapter: 1.3.1 (/opt/ros/foxy/share/rosidl_adapter/cmake)
[0.233s] -- Using all available rosidl_typesupport_cpp: rosidl_typesupport_fastrtps_cpp;rosidl_typesupport_introspection_cpp
[0.262s] -- Found rmw_implementation_cmake: 1.0.4 (/opt/ros/foxy/share/rmw_implementation_cmake/cmake)
[0.263s] -- Using RMW implementation 'rmw_fastrtps_cpp' as default
[0.350s] -- Found rclpy: 1.0.13 (/opt/ros/foxy/share/rclpy/cmake)
[0.350s] -- Found ackermann_msgs: 2.0.2 (/opt/ros/foxy/share/ackermann_msgs/cmake)
[0.370s] -- Found ament_lint_auto: 0.9.8 (/opt/ros/foxy/share/ament_lint_auto/cmake)
[0.408s] -- Added test 'copyright' to check source files copyright and LICENSE
[0.409s] -- Added test 'flake8' to check Python code syntax and style conventions
[0.409s] -- Added test 'lint_cmake' to check CMake code style
[0.410s] -- Added test 'pep257' to check Python code against some of the style conventions in PEP 257
[0.410s] -- Added test 'xmllint' to check XML markup files
[0.412s] -- Configuring done
[0.413s] -- Generating done
[0.413s] -- Build files have been written to: /home/keshav/lab1_ws/build/lab1_pkg
[0.430s] Invoked command in '/home/keshav/lab1_ws/build/lab1_pkg' returned '0': CMAKE_PREFIX_PATH=${CMAKE_PREFIX_PATH}:/opt/ros/foxy:/home/keshav/sim_ws/install/f1tenth_gym_ros /usr/bin/cmake --build /home/keshav/lab1_ws/build/lab1_pkg -- -j16 -l16
[0.450s] Invoking command in '/home/keshav/lab1_ws/build/lab1_pkg': CMAKE_PREFIX_PATH=${CMAKE_PREFIX_PATH}:/opt/ros/foxy:/home/keshav/sim_ws/install/f1tenth_gym_ros /usr/bin/cmake --install /home/keshav/lab1_ws/build/lab1_pkg
[0.456s] -- Install configuration: ""
[0.456s] -- Up-to-date: /home/keshav/lab1_ws/install/lab1_pkg/share/lab1_pkg//launch
[0.456s] -- Up-to-date: /home/keshav/lab1_ws/install/lab1_pkg/share/lab1_pkg//launch/lab1_launch.py
[0.456s] -- Installing: /home/keshav/lab1_ws/install/lab1_pkg/lib/lab1_pkg/talker.py
[0.456s] -- Installing: /home/keshav/lab1_ws/install/lab1_pkg/lib/lab1_pkg/relay.py
[0.457s] -- Up-to-date: /home/keshav/lab1_ws/install/lab1_pkg/share/ament_index/resource_index/package_run_dependencies/lab1_pkg
[0.457s] -- Up-to-date: /home/keshav/lab1_ws/install/lab1_pkg/share/ament_index/resource_index/parent_prefix_path/lab1_pkg
[0.457s] -- Up-to-date: /home/keshav/lab1_ws/install/lab1_pkg/share/lab1_pkg/environment/ament_prefix_path.sh
[0.457s] -- Installing: /home/keshav/lab1_ws/install/lab1_pkg/share/lab1_pkg/environment/ament_prefix_path.dsv
[0.457s] -- Up-to-date: /home/keshav/lab1_ws/install/lab1_pkg/share/lab1_pkg/environment/path.sh
[0.457s] -- Installing: /home/keshav/lab1_ws/install/lab1_pkg/share/lab1_pkg/environment/path.dsv
[0.457s] -- Up-to-date: /home/keshav/lab1_ws/install/lab1_pkg/share/lab1_pkg/local_setup.bash
[0.457s] -- Up-to-date: /home/keshav/lab1_ws/install/lab1_pkg/share/lab1_pkg/local_setup.sh
[0.457s] -- Up-to-date: /home/keshav/lab1_ws/install/lab1_pkg/share/lab1_pkg/local_setup.zsh
[0.457s] -- Installing: /home/keshav/lab1_ws/install/lab1_pkg/share/lab1_pkg/local_setup.dsv
[0.457s] -- Installing: /home/keshav/lab1_ws/install/lab1_pkg/share/lab1_pkg/package.dsv
[0.457s] -- Up-to-date: /home/keshav/lab1_ws/install/lab1_pkg/share/ament_index/resource_index/packages/lab1_pkg
[0.457s] -- Up-to-date: /home/keshav/lab1_ws/install/lab1_pkg/share/lab1_pkg/cmake/lab1_pkgConfig.cmake
[0.457s] -- Up-to-date: /home/keshav/lab1_ws/install/lab1_pkg/share/lab1_pkg/cmake/lab1_pkgConfig-version.cmake
[0.457s] -- Up-to-date: /home/keshav/lab1_ws/install/lab1_pkg/share/lab1_pkg/package.xml
[0.458s] Invoked command in '/home/keshav/lab1_ws/build/lab1_pkg' returned '0': CMAKE_PREFIX_PATH=${CMAKE_PREFIX_PATH}:/opt/ros/foxy:/home/keshav/sim_ws/install/f1tenth_gym_ros /usr/bin/cmake --install /home/keshav/lab1_ws/build/lab1_pkg
