[35m[1mConsolidate compiler generated dependencies of target listener[0m
[35m[1mConsolidate compiler generated dependencies of target talker[0m
[100%] Built target talker
[100%] Built target listener
-- Install configuration: ""
-- Up-to-date: /home/ubuntu22/lab1_ws/src/lab1_pkg/install/lab1_pkg/lib/lab1_pkg/talker
-- Up-to-date: /home/ubuntu22/lab1_ws/src/lab1_pkg/install/lab1_pkg/lib/lab1_pkg/listener
-- Up-to-date: /home/ubuntu22/lab1_ws/src/lab1_pkg/install/lab1_pkg/share/ament_index/resource_index/package_run_dependencies/lab1_pkg
-- Up-to-date: /home/ubuntu22/lab1_ws/src/lab1_pkg/install/lab1_pkg/share/ament_index/resource_index/parent_prefix_path/lab1_pkg
-- Up-to-date: /home/ubuntu22/lab1_ws/src/lab1_pkg/install/lab1_pkg/share/lab1_pkg/environment/ament_prefix_path.sh
-- Up-to-date: /home/ubuntu22/lab1_ws/src/lab1_pkg/install/lab1_pkg/share/lab1_pkg/environment/ament_prefix_path.dsv
-- Up-to-date: /home/ubuntu22/lab1_ws/src/lab1_pkg/install/lab1_pkg/share/lab1_pkg/environment/path.sh
-- Up-to-date: /home/ubuntu22/lab1_ws/src/lab1_pkg/install/lab1_pkg/share/lab1_pkg/environment/path.dsv
-- Up-to-date: /home/ubuntu22/lab1_ws/src/lab1_pkg/install/lab1_pkg/share/lab1_pkg/local_setup.bash
-- Up-to-date: /home/ubuntu22/lab1_ws/src/lab1_pkg/install/lab1_pkg/share/lab1_pkg/local_setup.sh
-- Up-to-date: /home/ubuntu22/lab1_ws/src/lab1_pkg/install/lab1_pkg/share/lab1_pkg/local_setup.zsh
-- Up-to-date: /home/ubuntu22/lab1_ws/src/lab1_pkg/install/lab1_pkg/share/lab1_pkg/local_setup.dsv
-- Installing: /home/ubuntu22/lab1_ws/src/lab1_pkg/install/lab1_pkg/share/lab1_pkg/package.dsv
-- Up-to-date: /home/ubuntu22/lab1_ws/src/lab1_pkg/install/lab1_pkg/share/ament_index/resource_index/packages/lab1_pkg
-- Up-to-date: /home/ubuntu22/lab1_ws/src/lab1_pkg/install/lab1_pkg/share/lab1_pkg/cmake/lab1_pkgConfig.cmake
-- Up-to-date: /home/ubuntu22/lab1_ws/src/lab1_pkg/install/lab1_pkg/share/lab1_pkg/cmake/lab1_pkgConfig-version.cmake
-- Up-to-date: /home/ubuntu22/lab1_ws/src/lab1_pkg/install/lab1_pkg/share/lab1_pkg/package.xml
