[0.007s] Invoking command in '/home/ubuntu22/lab1_ws/src/lab1_pkg/build/lab1_pkg': CMAKE_PREFIX_PATH=${CMAKE_PREFIX_PATH}:/home/ubuntu22/sim_ws/install/f1tenth_gym_ros:/opt/ros/humble /usr/bin/cmake --build /home/ubuntu22/lab1_ws/src/lab1_pkg/build/lab1_pkg -- -j24 -l24
[0.043s] [35m[1mConsolidate compiler generated dependencies of target listener[0m
[0.043s] [35m[1mConsolidate compiler generated dependencies of target talker[0m
[0.057s] [100%] Built target talker
[0.058s] [100%] Built target listener
[0.066s] Invoked command in '/home/ubuntu22/lab1_ws/src/lab1_pkg/build/lab1_pkg' returned '0': CMAKE_PREFIX_PATH=${CMAKE_PREFIX_PATH}:/home/ubuntu22/sim_ws/install/f1tenth_gym_ros:/opt/ros/humble /usr/bin/cmake --build /home/ubuntu22/lab1_ws/src/lab1_pkg/build/lab1_pkg -- -j24 -l24
[0.092s] Invoking command in '/home/ubuntu22/lab1_ws/src/lab1_pkg/build/lab1_pkg': CMAKE_PREFIX_PATH=${CMAKE_PREFIX_PATH}:/home/ubuntu22/sim_ws/install/f1tenth_gym_ros:/opt/ros/humble /usr/bin/cmake --install /home/ubuntu22/lab1_ws/src/lab1_pkg/build/lab1_pkg
[0.096s] -- Install configuration: ""
[0.096s] -- Up-to-date: /home/ubuntu22/lab1_ws/src/lab1_pkg/install/lab1_pkg/lib/lab1_pkg/talker
[0.097s] -- Up-to-date: /home/ubuntu22/lab1_ws/src/lab1_pkg/install/lab1_pkg/lib/lab1_pkg/listener
[0.097s] -- Up-to-date: /home/ubuntu22/lab1_ws/src/lab1_pkg/install/lab1_pkg/share/ament_index/resource_index/package_run_dependencies/lab1_pkg
[0.097s] -- Up-to-date: /home/ubuntu22/lab1_ws/src/lab1_pkg/install/lab1_pkg/share/ament_index/resource_index/parent_prefix_path/lab1_pkg
[0.097s] -- Up-to-date: /home/ubuntu22/lab1_ws/src/lab1_pkg/install/lab1_pkg/share/lab1_pkg/environment/ament_prefix_path.sh
[0.097s] -- Up-to-date: /home/ubuntu22/lab1_ws/src/lab1_pkg/install/lab1_pkg/share/lab1_pkg/environment/ament_prefix_path.dsv
[0.097s] -- Up-to-date: /home/ubuntu22/lab1_ws/src/lab1_pkg/install/lab1_pkg/share/lab1_pkg/environment/path.sh
[0.097s] -- Up-to-date: /home/ubuntu22/lab1_ws/src/lab1_pkg/install/lab1_pkg/share/lab1_pkg/environment/path.dsv
[0.097s] -- Up-to-date: /home/ubuntu22/lab1_ws/src/lab1_pkg/install/lab1_pkg/share/lab1_pkg/local_setup.bash
[0.097s] -- Up-to-date: /home/ubuntu22/lab1_ws/src/lab1_pkg/install/lab1_pkg/share/lab1_pkg/local_setup.sh
[0.097s] -- Up-to-date: /home/ubuntu22/lab1_ws/src/lab1_pkg/install/lab1_pkg/share/lab1_pkg/local_setup.zsh
[0.097s] -- Up-to-date: /home/ubuntu22/lab1_ws/src/lab1_pkg/install/lab1_pkg/share/lab1_pkg/local_setup.dsv
[0.097s] -- Installing: /home/ubuntu22/lab1_ws/src/lab1_pkg/install/lab1_pkg/share/lab1_pkg/package.dsv
[0.097s] -- Up-to-date: /home/ubuntu22/lab1_ws/src/lab1_pkg/install/lab1_pkg/share/ament_index/resource_index/packages/lab1_pkg
[0.097s] -- Up-to-date: /home/ubuntu22/lab1_ws/src/lab1_pkg/install/lab1_pkg/share/lab1_pkg/cmake/lab1_pkgConfig.cmake
[0.098s] -- Up-to-date: /home/ubuntu22/lab1_ws/src/lab1_pkg/install/lab1_pkg/share/lab1_pkg/cmake/lab1_pkgConfig-version.cmake
[0.098s] -- Up-to-date: /home/ubuntu22/lab1_ws/src/lab1_pkg/install/lab1_pkg/share/lab1_pkg/package.xml
[0.098s] Invoked command in '/home/ubuntu22/lab1_ws/src/lab1_pkg/build/lab1_pkg' returned '0': CMAKE_PREFIX_PATH=${CMAKE_PREFIX_PATH}:/home/ubuntu22/sim_ws/install/f1tenth_gym_ros:/opt/ros/humble /usr/bin/cmake --install /home/ubuntu22/lab1_ws/src/lab1_pkg/build/lab1_pkg
